1470067583948:<GA:1831316802310201000615000000000D0000D0>
1470067583951:<GA:183131807C>
1470067585668:<GA:183131590D3102012001BD>
1470067585698:<GA:183131807C>
1470067585710:<GA:183131590D3102012001BD>
1470067585739:<GA:183131807C>
1470067585826:<GA:183131170D31020158>
1470067585831:<GA:183131170D31020158>
1470067585833:<GA:183131170D31020158>
1470067587064:<GA:1831008069>
1470067587084:<GA:183131780D3103024B000009>
1470067589567:<GA:183100100D000100010D>
1470067590397:<GA:1831008069>
1470067590429:<GA:183131684B31020300F660FFF1460F000F01FFFFFFFF21300F000F51002030200000DA>
1470067590499:<GA:1831008069>
1470067590526:<GA:1831008069>
1470067590534:<GA:183131684B310203700100524F4F54FFFFFFFFFFFFFFFFFFFFFFFFA5>
1470067590567:<GA:183131684B310203700110FFFFFFFFFFFFFFFFFFFFFFFFFFFFFFFF6D>
1470067590753:<GA:1831008069>
1470067590783:<GA:1831008069>
1470067590788:<GA:183131684B310203710202003000300047006F007200650042006B0B>
1470067590822:<GA:183131684B3102037102120065004F00500054002E003100320038A2>
1470067590852:<GA:18310050314B000114F00122E5>
1470067590870:<GA:1831008069>
1470067590937:<GA:183100600D0100014019050000BF>
1470067591117:<GA:183131170D31020158>
1470067591128:<GA:1831008069>
1470067591157:<GA:183131684B310203770F00000F011222FFFFFFFFFFFFFFFFFFFFFFFFFFFFFFFFBB>
1470067591238:<GA:1831008069>
1470067591253:<GA:1831008069>
1470067591273:<GA:183131684B310203720400FFFFFFFFFFFFFFFFFFFFFFFFFFFFFFFF62>
1470067591305:<GA:183131684B310203720410FFFFFFFFFFFFFFFFFFFFFFFFFFFFFFFF72>
1470067591331:<GA:183131170D31020158>
1470067591426:<GA:18310050314B000114F00122E5>
1470067591440:<GA:1831008069>
1470067591482:<GA:1831008069>
1470067591500:<GA:1831008069>
1470067591517:<GA:183131684B310203740400FFFFFFFFFFFFFFFFFFFFFFFFFFFFFFFF64>
1470067591533:<GA:1831008069>
1470067591563:<GA:183131684B310203740410FFFFFFFFFFFFFFFFFFFFFFFFFFFFFFFF74>
1470067591590:<GA:1831316802310202000715000000000D0000D2>
1470067591651:<GA:1831008069>
1470067591684:<GA:183131684B31020300F660FFF1470F000F01FFFFFFFF21300F000F51002030200000DB>
1470067591957:<GA:1831008069>
1470067591987:<GA:183131684B310203770F00000F011222FFFFFFFFFFFFFFFFFFFFFFFFFFFFFFFFBB>
1470067592203:<GA:1831008069>
1470067592220:<GA:1831008069>
1470067592240:<GA:1831316802310202000815000000000D0000D3>
1470067592257:<GA:1831008069>
1470067592262:<GA:1831008069>
1470067592293:<GA:183131684B310203730400FFFFFFFFFFFFFFFFFFFFFFFFFFFFFFFF63>
1470067592327:<GA:183131684B310203730410FFFFFFFFFFFFFFFFFFFFFFFFFFFFFFFF73>
1470067592350:<GA:183131780D3103024B000009>
1470067592457:<GA:1831008069>
1470067592473:<GA:1831008069>
1470067592491:<GA:183131684B310203750400FFFFFFFFFFFFFFFFFFFFFFFFFFFFFFFF65>
1470067592525:<GA:183131684B310203750410FFFFFFFFFFFFFFFFFFFFFFFFFFFFFFFF75>
1470067592635:<GA:1831008069>
1470067592667:<GA:183131684B31020300F660FFF1480F000F01FFFFFFFF21300F000F51002030200000DC>
1470067592864:<GA:1831008069>
1470067592897:<GA:1831316802310202000715000000000D0000D2>
1470067592921:<GA:183100100D000100010D>
1470067593474:<GA:1831008069>
1470067593506:<GA:183131684B31020300F660FFF1490F000F01FFFFFFFF21300F000F51002030200000DD>
1470067594131:<GA:183131590D3102012101BE>
1470067594153:<GA:183131807C>
1470067594198:<GA:183131590D310201227B39>
1470067594222:<GA:183131807C>
1470067594308:<GA:183131590D31020191020030>
1470067594331:<GA:183131807C>
1470067594351:<GA:183131590D31020194FF0030>
1470067594373:<GA:183131807C>
1470067594713:<GA:1831008069>
1470067594744:<GA:183131684B31020300F660FFF1500F000F01FFFFFFFF21300F000F51002030200000E4>
1470067594933:<GA:1831008069>
1470067594951:<GA:18313118023102014E>
1470067595552:<GA:1831008069>
1470067595584:<GA:183131684B31020300F660FFF1510F000F01FFFFFFFF21300F000F51002030200000E5>
1470067596586:<GA:1831008069>
1470067596618:<GA:183131684B31020300F660FFF1520F000F01FFFFFFFF21300F000F51002030200000E6>
1470067597356:<GA:1831008069>
1470067597370:<GA:183131780D3103024B000009>
1470067597630:<GA:1831008069>
1470067597662:<GA:183131684B31020300F660FFF1530F000F01FFFFFFFF21300F000F51002030200000E7>
1470067597707:<GA:183131590D3102012101BE>
1470067597722:<GA:183131807C>
1470067598462:<GA:1831008069>
1470067598493:<GA:183131684B31020300F660FFF1540F000F01FFFFFFFF21300F000F51002030200000E8>
1470067599503:<GA:1831008069>
1470067599535:<GA:183131684B31020300F660FFF1550F000F01FFFFFFFF21300F000F51002030200000E9>
1470067600540:<GA:1831008069>
1470067600570:<GA:183131684B31020300F660FFF1560F000F01FFFFFFFF21300F000F51002030200000EA>
1470067600945:<GA:1831008069>
1470067600962:<GA:1831008069>
1470067600972:<GA:18313118023102014E>
1470067600999:<GA:183131480D31030207000196>
1470067601022:<GA:183131807C>
1470067601042:<GA:1831001131000601400078>
1470067601055:<GA:1831008069>
1470067601074:<GA:183131184B31023CD2>
1470067601156:<GA:1831008069>
1470067601174:<GA:1831008069>
1470067601187:<GA:18313168073102010001011010FF400B>
1470067601199:<GA:1831008069>
1470067601215:<GA:1831008069>
1470067601232:<GA:18313168073102010187B28FA8CC0A0001F4>
1470067601255:<GA:18313168073102011006221168005A>
1470067601282:<GA:183131680731020102FFFFFFFFFFFFFFFFFFFFA6>
1470067601347:<GA:183131590D3102012101BE>
1470067601376:<GA:183131807C>
1470067603082:<GA:1831008069>
1470067603103:<GA:18313168073102010001011010FF501B>
1470067605931:<GA:1831008069>
1470067605953:<GA:183131780D310302070001C6>
1470067606552:<GA:183131590D3102012101BE>
1470067606575:<GA:183131807C>
1470067606756:<GA:18310020310000013007027B>
1470067606770:<GA:1831008069>
1470067606872:<GA:1831008069>
1470067606889:<GA:1831008069>
1470067606902:<GA:18313168073102010002011053FF404F>
1470067606929:<GA:183131680731020102FFFFFFFFFFFFFFFFFFFFA6>
1470067607787:<GA:1831008069>
1470067607810:<GA:18313168073102010002011053FF505F>
1470067610281:<GA:1831008069>
1470067610297:<GA:1831008069>
1470067610307:<GA:18313118023102014E>
1470067610334:<GA:183131480D3103024B0000D9>
1470067610357:<GA:183131807C>
1470067610376:<GA:1831001131000601400078>
1470067610408:<GA:1831008069>
1470067610438:<GA:183131684B310202101F4E00BF0000000000AAC000000000AAC100FBEE0001FA>
1470067610441:<GA:1831008069>
1470067610476:<GA:183131684B31020200F660FFFFFF0F000F01FFFFFFFF21300F000F51002030200000A0>
1470067610487:<GA:1831008069>
1470067610502:<GA:1831008069>
1470067610530:<GA:183131684B310202016266060000000514051400000000000098FF051400000030E2>
1470067610535:<GA:1831008069>
1470067610559:<GA:183131684B310202080F00000FFF0F010F5187>
1470067610571:<GA:1831008069>
1470067610598:<GA:183131684B310202090F0000000F000FFF0FFF0FFF0FFF0FFF0FFF0FFF86>
1470067610633:<GA:183131684B3102020A0F000F0000000FFF0FFF0FFF0FFF0FFF0FFF0FFF0FFF97>
1470067610657:<GA:183131590D3102012101BE>
1470067610679:<GA:183131807C>
1470067610691:<GA:18310050314B000114F00100C3>
1470067610704:<GA:1831008069>
1470067613823:<GA:1831008069>
1470067613856:<GA:183131684B31020300F660FFF1560F000F01FFFFFFFF21300F000F51002030200000EA>
1470067614130:<GA:1831008069>
1470067614163:<GA:183131684B310203770F00000F011202003000300047006F007200650042006B45>
1470067614167:<GA:1831008069>
1470067614181:<GA:1831008069>
1470067614198:<GA:1831008069>
1470067614220:<GA:183131684B310203770F00000F0112120065004F00500054002E003100320038DC>
1470067614257:<GA:183131684B310203700100524F4F54FFFFFFFFFFFFFFFFFFFFFFFFA5>
1470067614284:<GA:183131684B310203700110FFFFFFFFFFFFFFFFFFFFFFFFFFFFFFFF6D>
1470067614313:<GA:18310050314B000114F00122E5>
1470067614325:<GA:1831008069>
1470067614554:<GA:1831008069>
1470067614585:<GA:183131684B310203770F00000F011222FFFFFFFFFFFFFFFFFFFFFFFFFFFFFFFFBB>
1470067614647:<GA:18310050314B000117F000C4>
1470067614655:<GA:1831008069>
1470067614659:<GA:1831008069>
1470067614672:<GA:1831008069>
1470067614693:<GA:183131684B3102030B0F00000FFF0F010F51018D>
1470067614697:<GA:1831008069>
1470067614725:<GA:183131684B310203710202003000300047006F007200650042006B0B>
1470067614758:<GA:183131684B3102037102120065004F00500054002E003100320038A2>
1470067614786:<GA:18310050314B000119F0000000C8>
1470067614808:<GA:1831008069>
1470067614833:<GA:1831008069>
1470067614864:<GA:183131684B3102030D0F000F0000000FFF0FFF0FFF0FFF0FFF0FFF0FFF0FFF019D>
1470067614888:<GA:18310050314B000114F00122E5>
1470067614901:<GA:1831008069>
1470067614969:<GA:1831008069>
1470067615001:<GA:183131684B31020300F660FFF1570F000F01FFFFFFFF21300F000F51002030200000EB>
1470067615265:<GA:1831008069>
1470067615296:<GA:183131684B310203770F00000F011222FFFFFFFFFFFFFFFFFFFFFFFFFFFFFFFFBB>
1470067615310:<GA:1831008069>
1470067615332:<GA:183131780D3103024B000009>
1470067615354:<GA:18310050314B000114F00100C3>
1470067615367:<GA:1831008069>
1470067615384:<GA:1831008069>
1470067615403:<GA:1831008069>
1470067615419:<GA:183131684B310203720400FFFFFFFFFFFFFFFFFFFFFFFFFFFFFFFF62>
1470067615453:<GA:183131684B310203720410FFFFFFFFFFFFFFFFFFFFFFFFFFFFFFFF72>
1470067615632:<GA:1831008069>
1470067615663:<GA:183131684B310203770F00000F011202003000300047006F007200650042006B45>
1470067615664:<GA:1831008069>
1470067615705:<GA:183131684B310203770F00000F0112120065004F00500054002E003100320038DC>
1470067615736:<GA:1831008069>
1470067615739:<GA:18310050314B000114F00200C4>
1470067616054:<GA:1831008069>
1470067616086:<GA:183131684B31020300F660FFF1580F000F01FFFFFFFF21300F000F51002030200000EC>
1470067616232:<GA:1831008069>
1470067616265:<GA:183131684B310203770F00000F0202020030004100470034004E003300750033B1>
1470067616270:<GA:1831008069>
1470067616307:<GA:183131684B310203770F00000F020212007A007700790064002E00310032003843>
1470067616329:<GA:18310050314B000114F00222E6>
1470067616335:<GA:1831008069>
1470067616355:<GA:1831008069>
1470067616367:<GA:1831008069>
1470067616386:<GA:183131684B310203740400FFFFFFFFFFFFFFFFFFFFFFFFFFFFFFFF64>
1470067616420:<GA:183131684B310203740410FFFFFFFFFFFFFFFFFFFFFFFFFFFFFFFF74>
1470067616597:<GA:1831008069>
1470067616628:<GA:183131684B310203770F00000F020222FFFFFFFFFFFFFFFFFFFFFFFFFFFFFFFFAC>
1470067616660:<GA:18310050314B000114F00300C5>
1470067616674:<GA:1831008069>
1470067616962:<GA:1831008069>
1470067616995:<GA:183131684B310203770F00000F03020300310038002E00200046006500610074D5>
1470067617000:<GA:1831008069>
1470067617046:<GA:183131684B310203770F00000F03021300680065007200200028004D006F007364>
1470067617056:<GA:18310050314B000114F00323E8>
1470067617064:<GA:1831008069>
1470067617131:<GA:1831008069>
1470067617162:<GA:183131684B31020300F660FFF1590F000F01FFFFFFFF21300F000F51002030200000ED>
1470067617436:<GA:1831008069>
1470067617467:<GA:183131684B310203770F00000F030223007400610066006100200045006D006793>
1470067617494:<GA:18310050314B000114F00333F8>
1470067617509:<GA:1831008069>
1470067617555:<GA:1831008069>
1470067617572:<GA:1831008069>
1470067617590:<GA:183131684B310203730400FFFFFFFFFFFFFFFFFFFFFFFFFFFFFFFF63>
1470067617624:<GA:183131684B310203730410FFFFFFFFFFFFFFFFFFFFFFFFFFFFFFFF73>
1470067617809:<GA:1831008069>
1470067617843:<GA:183131684B310203770F00000F03023300690065006D0020002600200052006F30>
1470067617883:<GA:18310050314B000114F00400C6>
1470067617906:<GA:1831008069>
1470067617979:<GA:1831008069>
1470067618011:<GA:183131684B31020300F660FFF2000F000F01FFFFFFFF21300F000F5100203020000095>
1470067618293:<GA:1831008069>
1470067618325:<GA:183131684B310203770F00000F040203003300390020002D0020004E0061006E95>
1470067618328:<GA:1831008069>
1470067618358:<GA:183131684B310203770F00000F04021300690073006F0075006E00640020002D8E>
1470067618386:<GA:18310050314B000114F00423E9>
1470067618396:<GA:1831008069>
1470067618660:<GA:1831008069>
1470067618688:<GA:183131684B310203770F00000F04022300200053007400750074007400650072DA>
1470067618713:<GA:18310050314B000114F00433F9>
1470067618725:<GA:1831008069>
1470067618776:<GA:1831008069>
1470067618794:<GA:1831008069>
1470067618813:<GA:183131684B310203750400FFFFFFFFFFFFFFFFFFFFFFFFFFFFFFFF65>
1470067618845:<GA:183131684B310203750410FFFFFFFFFFFFFFFFFFFFFFFFFFFFFFFF75>
1470067619081:<GA:1831008069>
1470067619114:<GA:183131684B31020300F660FFF2010F000F01FFFFFFFF21300F000F5100203020000096>
1470067619259:<GA:1831008069>
1470067619290:<GA:183131684B310203770F00000F0402330020004400720065006D00200028004403>
1470067619326:<GA:18310050314B000114F00500C7>
1470067619336:<GA:1831008069>
1470067619379:<GA:1831008069>
1470067619395:<GA:1831008069>
1470067619405:<GA:18313118023102014E>
1470067619432:<GA:183131480D31030207000196>
1470067619454:<GA:183131807C>
1470067619474:<GA:1831001131000601400078>
1470067619488:<GA:1831008069>
1470067619507:<GA:183131184B31023CD2>
1470067619565:<GA:1831008069>
1470067619600:<GA:1831008069>
1470067619597:<GA:183131684B31023C770F00000F05020200370053004E0041004D005A007200555F>
1470067619616:<GA:1831008069>
1470067619632:<GA:1831008069>
1470067619657:<GA:183131684B31023C770F00000F0502120076004900680031002E00310032003809>
1470067619660:<GA:1831008069>
1470067619675:<GA:1831008069>
1470067619696:<GA:18313168073102010002011053FF404F>
1470067619723:<GA:18313168073102010187B28FA8CC0A0001F4>
1470067619747:<GA:18313168073102011006221168005A>
1470067619774:<GA:183131680731020102FFFFFFFFFFFFFFFFFFFFA6>
1470067619805:<GA:183131590D3102012101BE>
1470067619827:<GA:183131807C>
1470067621516:<GA:1831008069>
1470067621536:<GA:18313168073102010002011053FF505F>
1470067624383:<GA:1831008069>
1470067624402:<GA:183131780D310302070001C6>
1470067624983:<GA:1831008069>
1470067624999:<GA:1831008069>
1470067625010:<GA:18313118023102014E>
1470067625037:<GA:183131480D3103024B0000D9>
1470067625059:<GA:183131807C>
1470067625078:<GA:1831001131000601400078>
1470067625111:<GA:1831008069>
1470067625140:<GA:183131684B310202101F4E00BF0000000000AAC000000000AAC100FBEE0001FA>
1470067625144:<GA:1831008069>
1470067625169:<GA:1831008069>
1470067625187:<GA:1831008069>
1470067625217:<GA:183131684B31020200F660FFFFFF0F000F01FFFFFFFF21300F000F51002030200000A0>
1470067625232:<GA:1831008069>
1470067625260:<GA:183131684B310202016266060000000514051400000000000098FF051400000030E2>
1470067625265:<GA:1831008069>
1470067625287:<GA:183131684B310202080F00000FFF0F010F5187>
1470067625317:<GA:183131684B310202090F0000000F000FFF0FFF0FFF0FFF0FFF0FFF0FFF86>
1470067625352:<GA:183131684B3102020A0F000F0000000FFF0FFF0FFF0FFF0FFF0FFF0FFF0FFF97>
1470067625376:<GA:183131590D3102012101BE>
1470067625398:<GA:183131807C>
1470067625410:<GA:18310050314B000114F00100C3>
1470067625423:<GA:1831008069>
1470067626285:<GA:183100600D0100014019060000C0>
1470067628385:<GA:1831008069>
1470067628415:<GA:183131684B31020300F660FFF2010F000F01FFFFFFFF21300F000F5100203020000096>
1470067628680:<GA:1831008069>
1470067628713:<GA:183131684B310203770F00000F011202003000300047006F007200650042006B45>
1470067628716:<GA:1831008069>
1470067628734:<GA:1831008069>
1470067628757:<GA:1831008069>
1470067628771:<GA:183131684B310203770F00000F0112120065004F00500054002E003100320038DC>
1470067628800:<GA:183131684B310203700100524F4F54FFFFFFFFFFFFFFFFFFFFFFFFA5>
1470067628834:<GA:183131684B310203700110FFFFFFFFFFFFFFFFFFFFFFFFFFFFFFFF6D>
1470067628861:<GA:18310050314B000114F00122E5>
1470067628887:<GA:1831008069>
1470067629121:<GA:1831008069>
1470067629151:<GA:183131684B310203770F00000F011222FFFFFFFFFFFFFFFFFFFFFFFFFFFFFFFFBB>
1470067629198:<GA:18310050314B000117F000C4>
1470067629206:<GA:1831008069>
1470067629223:<GA:1831008069>
1470067629239:<GA:1831008069>
1470067629261:<GA:183131684B3102030B0F00000FFF0F010F51018D>
1470067629265:<GA:1831008069>
1470067629292:<GA:183131684B310203710202003000300047006F007200650042006B0B>
1470067629325:<GA:183131684B3102037102120065004F00500054002E003100320038A2>
1470067629354:<GA:18310050314B000119F0000000C8>
1470067629367:<GA:1831008069>
1470067629391:<GA:1831008069>
1470067629424:<GA:183131684B3102030D0F000F0000000FFF0FFF0FFF0FFF0FFF0FFF0FFF0FFF019D>
1470067629446:<GA:18310050314B000114F00122E5>
1470067629459:<GA:1831008069>
1470067629528:<GA:1831008069>
1470067629560:<GA:183131684B31020300F660FFF2020F000F01FFFFFFFF21300F000F5100203020000097>
1470067629833:<GA:1831008069>
1470067629864:<GA:183131684B310203770F00000F011222FFFFFFFFFFFFFFFFFFFFFFFFFFFFFFFFBB>
1470067629888:<GA:18310050314B000114F00100C3>
1470067629914:<GA:1831008069>
1470067629936:<GA:1831008069>
1470067629952:<GA:1831008069>
1470067629970:<GA:183131780D3103024B000009>
1470067629980:<GA:1831008069>
1470067630006:<GA:183131684B310203720400FFFFFFFFFFFFFFFFFFFFFFFFFFFFFFFF62>
1470067630038:<GA:183131684B310203720410FFFFFFFFFFFFFFFFFFFFFFFFFFFFFFFF72>
1470067630198:<GA:1831008069>
1470067630230:<GA:183131684B310203770F00000F011202003000300047006F007200650042006B45>
1470067630235:<GA:1831008069>
1470067630253:<GA:1831008069>
1470067630267:<GA:1831008069>
1470067630288:<GA:183131684B310203770F00000F0112120065004F00500054002E003100320038DC>
1470067630311:<GA:183131480D310302070011A6>
1470067630334:<GA:183131807C>
1470067630344:<GA:18313118023102014E>
1470067630370:<GA:1831001131000601400078>
1470067630384:<GA:1831008069>
1470067630405:<GA:183131184B31023CD2>
1470067630430:<GA:18310050314B000114F00200C4>
1470067630444:<GA:1831008069>
1470067630498:<GA:1831008069>
1470067630514:<GA:1831008069>
1470067630526:<GA:18313168073102010006111278FF004A>
1470067630537:<GA:1831008069>
1470067630554:<GA:1831008069>
1470067630567:<GA:183131680731020101000834617753001125>
1470067630592:<GA:18313168073102011006221168005A>
1470067630620:<GA:183131680731020102FFFFFFFFFFFFFFFFFFFFA6>
1470067630668:<GA:183131590D3102012101BE>
1470067630690:<GA:183131807C>
1470067633141:<GA:1831008069>
1470067633158:<GA:1831008069>
1470067633167:<GA:18313118023102014E>
1470067633194:<GA:183131480D31030207000196>
1470067633216:<GA:183131807C>
1470067633236:<GA:1831001131000601400078>
1470067633354:<GA:1831008069>
1470067633369:<GA:1831008069>
1470067633384:<GA:18313168073102010002011053FF404F>
1470067633394:<GA:1831008069>
1470067633411:<GA:1831008069>
1470067633425:<GA:18313168073102010187B28FA8CC0A0001F4>
1470067633450:<GA:18313168073102011006221168005A>
1470067633478:<GA:183131680731020102FFFFFFFFFFFFFFFFFFFFA6>
1470067633500:<GA:183131590D3102012101BE>
1470067633523:<GA:183131807C>
1470067635286:<GA:1831008069>
1470067635308:<GA:18313168073102010002011053FF505F>
1470067637481:<GA:1831008069>
1470067637497:<GA:1831008069>
1470067637508:<GA:18313118023102014E>
1470067637536:<GA:183131480D310302070011A6>
1470067637557:<GA:183131807C>
1470067637577:<GA:1831001131000601400078>
1470067637693:<GA:1831008069>
1470067637709:<GA:1831008069>
1470067637724:<GA:18313168073102010006111278FF004A>
1470067637736:<GA:1831008069>
1470067637752:<GA:1831008069>
1470067637767:<GA:183131680731020101000834617753001125>
1470067637791:<GA:18313168073102011006221168005A>
1470067637818:<GA:183131680731020102FFFFFFFFFFFFFFFFFFFFA6>
1470067637848:<GA:183131590D3102012101BE>
1470067637871:<GA:183131807C>
1470067639652:<GA:1831008069>
1470067639675:<GA:1831316802310202000815000000000D0000D3>
1470067641415:<GA:1831008069>
1470067641432:<GA:1831008069>
1470067641443:<GA:18313118023102014E>
1470067641469:<GA:183131480D31030207000196>
1470067641492:<GA:183131807C>
1470067641511:<GA:1831001131000601400078>
1470067641627:<GA:1831008069>
1470067641646:<GA:1831008069>
1470067641659:<GA:18313168073102010002011053FF404F>
1470067641670:<GA:1831008069>
1470067641688:<GA:1831008069>
1470067641701:<GA:18313168073102010187B28FA8CC0A0001F4>
1470067641725:<GA:18313168073102011006221168005A>
1470067641752:<GA:183131680731020102FFFFFFFFFFFFFFFFFFFFA6>
1470067641783:<GA:183131590D3102012101BE>
1470067641807:<GA:183131807C>
1470067643426:<GA:1831008069>
1470067643448:<GA:1831316802310202000715000000000D0000D2>
1470067643552:<GA:1831008069>
1470067643579:<GA:18313168073102010002011053FF505F>
1470067643840:<GA:1831008069>
1470067643863:<GA:1831316802310202000615000000000D0000D1>
1470067644875:<GA:1831008069>
1470067644892:<GA:1831008069>
1470067644902:<GA:18313118023102014E>
1470067644929:<GA:183131480D310302070011A6>
1470067644951:<GA:183131807C>
1470067644970:<GA:1831001131000601400078>
1470067645088:<GA:1831008069>
1470067645104:<GA:1831008069>
1470067645118:<GA:18313168073102010006111278FF004A>
1470067645129:<GA:1831008069>
1470067645147:<GA:1831008069>
1470067645160:<GA:183131680731020101000834617753001125>
1470067645184:<GA:18313168073102011006221168005A>
1470067645212:<GA:183131680731020102FFFFFFFFFFFFFFFFFFFFA6>
1470067645242:<GA:183131590D3102012101BE>
1470067645267:<GA:183131807C>
1470067649098:<GA:1831008069>
1470067649116:<GA:1831008069>
1470067649125:<GA:18313118023102014E>
1470067649152:<GA:183131480D31030207000196>
1470067649173:<GA:183131807C>
1470067649193:<GA:1831001131000601400078>
1470067649310:<GA:1831008069>
1470067649327:<GA:1831008069>
1470067649341:<GA:18313168073102010002011053FF404F>
1470067649352:<GA:1831008069>
1470067649368:<GA:1831008069>
1470067649382:<GA:18313168073102010187B28FA8CC0A0001F4>
1470067649408:<GA:18313168073102011006221168005A>
1470067649435:<GA:183131680731020102FFFFFFFFFFFFFFFFFFFFA6>
1470067649466:<GA:183131590D3102012101BE>
1470067649487:<GA:183131807C>
1470067651023:<GA:1831008069>
1470067651040:<GA:1831008069>
1470067651050:<GA:18313118023102014E>
1470067651077:<GA:183131480D31030207000297>
1470067651099:<GA:183131807C>
1470067651119:<GA:1831001131000601400078>
1470067651226:<GA:1831008069>
1470067651243:<GA:1831008069>
1470067651259:<GA:18313168073102010006021044FF4045>
1470067651269:<GA:1831008069>
1470067651285:<GA:1831008069>
1470067651301:<GA:1831316807310201010F0A828896A9000211>
1470067651326:<GA:18313168073102011006221168005A>
1470067651351:<GA:183131680731020102FFFFFFFFFFFFFFFFFFFFA6>
1470067651381:<GA:183131590D3102012101BE>
1470067651403:<GA:183131807C>
1470067654971:<GA:1831008069>
1470067654983:<GA:1831008069>
1470067654999:<GA:18313118023102014E>
1470067655020:<GA:183131480D31030207000196>
1470067655042:<GA:183131807C>
1470067655061:<GA:1831001131000601400078>
1470067655177:<GA:1831008069>
1470067655194:<GA:1831008069>
1470067655209:<GA:18313168073102010002011053FF404F>
1470067655220:<GA:1831008069>
1470067655237:<GA:1831008069>
1470067655251:<GA:18313168073102010187B28FA8CC0A0001F4>
1470067655275:<GA:18313168073102011006221168005A>
1470067655302:<GA:183131680731020102FFFFFFFFFFFFFFFFFFFFA6>
1470067655333:<GA:183131590D3102012101BE>
1470067655355:<GA:183131807C>
1470067657102:<GA:1831008069>
1470067657124:<GA:18313168073102010002011053FF505F>
1470067657528:<GA:1831008069>
1470067657543:<GA:1831008069>
1470067657553:<GA:18313118023102014E>
1470067657581:<GA:183131480D31030207000297>
1470067657602:<GA:183131807C>
1470067657622:<GA:1831001131000601400078>
1470067657738:<GA:1831008069>
1470067657757:<GA:1831008069>
1470067657769:<GA:18313168073102010006021044FF4045>
1470067657781:<GA:1831008069>
1470067657797:<GA:1831008069>
1470067657811:<GA:1831316807310201010F0A828896A9000211>
1470067657835:<GA:18313168073102011006221168005A>
1470067657863:<GA:183131680731020102FFFFFFFFFFFFFFFFFFFFA6>
1470067657893:<GA:183131590D3102012101BE>
1470067657918:<GA:183131807C>
1470067660842:<GA:1831008069>
1470067660865:<GA:1831316802310202000715000000000D0000D2>
1470067661340:<GA:1831008069>
1470067661365:<GA:1831316802310202000615000000000D0000D1>
1470067662511:<GA:1831008069>
1470067662531:<GA:183131780D310302070002C7>
1470067663419:<GA:1831008069>
1470067663437:<GA:18313118023102014E>
1470067663464:<GA:183131590D3102012101BE>
1470067663488:<GA:183131807C>
1470067663651:<GA:18310020310000013007027B>
1470067663665:<GA:1831008069>
1470067663767:<GA:1831008069>
1470067663783:<GA:1831008069>
1470067663798:<GA:1831316807310201000202F885FF406A>
1470067663824:<GA:183131680731020102FFFFFFFFFFFFFFFFFFFFA6>
1470067664682:<GA:1831008069>
1470067664703:<GA:1831316807310201000202F885FF507A>
1470067667658:<GA:1831008069>
1470067667678:<GA:183131780D310302070002C7>
1470067668124:<GA:1831008069>
1470067668141:<GA:1831008069>
1470067668152:<GA:18313118023102014E>
1470067668178:<GA:183131480D31030207000196>
1470067668202:<GA:183131807C>
1470067668221:<GA:1831001131000601400078>
1470067668337:<GA:1831008069>
1470067668353:<GA:1831008069>
1470067668369:<GA:18313168073102010002011053FF404F>
1470067668379:<GA:1831008069>
1470067668396:<GA:1831008069>
1470067668410:<GA:18313168073102010187B28FA8CC0A0001F4>
1470067668442:<GA:18313168073102011006221168005A>
1470067668470:<GA:183131680731020102FFFFFFFFFFFFFFFFFFFFA6>
1470067668500:<GA:183131590D3102012101BE>
1470067668523:<GA:183131807C>
1470067670262:<GA:1831008069>
1470067670283:<GA:18313168073102010002011053FF505F>
1470067671872:<GA:1831008069>
1470067671889:<GA:1831008069>
1470067671899:<GA:18313118023102014E>
1470067671927:<GA:183131480D31030207000297>
1470067671948:<GA:183131807C>
1470067671969:<GA:1831001131000601400078>
1470067672085:<GA:1831008069>
1470067672101:<GA:1831008069>
1470067672115:<GA:1831316807310201000202F885FF406A>
1470067672126:<GA:1831008069>
1470067672143:<GA:1831008069>
1470067672158:<GA:1831316807310201010F0A828896A9000211>
1470067672182:<GA:18313168073102011006221168005A>
1470067672209:<GA:183131680731020102FFFFFFFFFFFFFFFFFFFFA6>
1470067672231:<GA:183131590D3102012101BE>
1470067672254:<GA:183131807C>
1470067674019:<GA:1831008069>
1470067674040:<GA:1831316807310201000202F885FF507A>
1470067675790:<GA:1831008069>
1470067675813:<GA:1831316802310202000715000000000D0000D2>
1470067676714:<GA:1831008069>
1470067676730:<GA:1831008069>
1470067676741:<GA:18313118023102014E>
1470067676767:<GA:183131480D31030207000196>
1470067676790:<GA:183131807C>
1470067676809:<GA:1831001131000601400078>
1470067676927:<GA:1831008069>
1470067676943:<GA:1831008069>
1470067676958:<GA:18313168073102010002011053FF404F>
1470067676969:<GA:1831008069>
1470067676986:<GA:1831008069>
1470067677000:<GA:18313168073102010187B28FA8CC0A0001F4>
1470067677024:<GA:18313168073102011006221168005A>
1470067677051:<GA:183131680731020102FFFFFFFFFFFFFFFFFFFFA6>
1470067677073:<GA:183131590D3102012101BE>
1470067677096:<GA:183131807C>
1470067678860:<GA:1831008069>
1470067678881:<GA:18313168073102010002011053FF505F>
1470067680753:<GA:183131590D3102012101BE>
1470067680776:<GA:183131807C>
1470067680959:<GA:18310020310000013007037C>
1470067680971:<GA:1831008069>
1470067681072:<GA:1831008069>
1470067681089:<GA:1831008069>
1470067681103:<GA:18313168073102010003011018FF4015>
1470067681130:<GA:183131680731020102FFFFFFFFFFFFFFFFFFFFA6>
1470067681675:<GA:1831008069>
1470067681695:<GA:183131780D310302070001C6>
1470067682000:<GA:1831008069>
1470067682020:<GA:18313168073102010003011018FF5025>
1470067682662:<GA:183131590D3102012101BE>
1470067682683:<GA:183131807C>
1470067682865:<GA:18310020310000013007047D>
1470067682880:<GA:1831008069>
1470067682980:<GA:1831008069>
1470067682999:<GA:1831008069>
1470067683011:<GA:18313168073102010004011043FF4041>
1470067683038:<GA:183131680731020102FFFFFFFFFFFFFFFFFFFFA6>
1470067683897:<GA:1831008069>
1470067683919:<GA:18313168073102010004011043FF5051>
1470067684680:<GA:183131590D3102012101BE>
1470067684702:<GA:183131807C>
1470067684799:<GA:18310020310000013007057E>
1470067684813:<GA:1831008069>
1470067684923:<GA:1831008069>
1470067684940:<GA:1831008069>
1470067684952:<GA:18313168073102010005011079FF4078>
1470067684980:<GA:183131680731020102FFFFFFFFFFFFFFFFFFFFA6>
1470067685839:<GA:1831008069>
1470067685860:<GA:18313168073102010005011079FF5088>
1470067686531:<GA:183100600D0100014019070000C1>
1470067686822:<GA:1831008069>
1470067686842:<GA:183131780D310302070001C6>
1470067687477:<GA:183131590D3102012101BE>
1470067687499:<GA:183131807C>
1470067687680:<GA:18310020310000013007067F>
1470067687694:<GA:1831008069>
1470067687796:<GA:1831008069>
1470067687813:<GA:1831008069>
1470067687826:<GA:1831316807310201000601F885FF406D>
1470067687853:<GA:183131680731020102FFFFFFFFFFFFFFFFFFFFA6>
1470067688713:<GA:1831008069>
1470067688734:<GA:1831316807310201000601F885FF507D>
1470067690191:<GA:183131590D3102012101BE>
1470067690213:<GA:183131807C>
1470067690394:<GA:18310020310000013007017A>
1470067690410:<GA:1831008069>
1470067690509:<GA:1831008069>
1470067690526:<GA:1831008069>
1470067690540:<GA:18313168073102010001011010FF400B>
1470067690567:<GA:183131680731020102FFFFFFFFFFFFFFFFFFFFA6>
1470067691425:<GA:1831008069>
1470067691447:<GA:18313168073102010001011010FF501B>
1470067691968:<GA:1831008069>
1470067691989:<GA:183131780D310302070001C6>
1470067692827:<GA:183131590D3102012101BE>
1470067692851:<GA:183131807C>
1470067693031:<GA:18310020310000013007027B>
1470067693044:<GA:1831008069>
1470067693147:<GA:1831008069>
1470067693163:<GA:1831008069>
1470067693176:<GA:18313168073102010002011053FF404F>
1470067693205:<GA:183131680731020102FFFFFFFFFFFFFFFFFFFFA6>
1470067694063:<GA:1831008069>
1470067694084:<GA:18313168073102010002011053FF505F>
1470067695091:<GA:183131590D3102012101BE>
1470067695113:<GA:183131807C>
1470067695304:<GA:18310020310000013007037C>
1470067695317:<GA:1831008069>
1470067695421:<GA:1831008069>
1470067695437:<GA:1831008069>
1470067695450:<GA:18313168073102010003011018FF4015>
1470067695477:<GA:183131680731020102FFFFFFFFFFFFFFFFFFFFA6>
1470067696335:<GA:1831008069>
1470067696357:<GA:18313168073102010003011018FF5025>
1470067697107:<GA:1831008069>
1470067697127:<GA:183131780D310302070001C6>
1470067700193:<GA:1831008069>
1470067700210:<GA:1831008069>
1470067700220:<GA:18313118023102014E>
1470067700247:<GA:183131480D3103024B0000D9>
1470067700269:<GA:183131807C>
1470067700289:<GA:1831001131000601400078>
1470067700321:<GA:1831008069>
1470067700353:<GA:183131684B310202101F4E00BF0000000000AAC000000000AAC100FBEE0001FA>
1470067700357:<GA:1831008069>
1470067700380:<GA:1831008069>
1470067700397:<GA:1831008069>
1470067700426:<GA:183131684B31020200F660FFFFFF0F000F01FFFFFFFF21300F000F51002030200000A0>
1470067700449:<GA:1831008069>
1470067700464:<GA:183131684B310202016266060000000514051400000000000098FF051400000030E2>
1470067700475:<GA:1831008069>
1470067700497:<GA:183131684B310202080F00000FFF0F010F5187>
1470067700536:<GA:183131684B310202090F0000000F000FFF0FFF0FFF0FFF0FFF0FFF0FFF86>
1470067700564:<GA:183131684B3102020A0F000F0000000FFF0FFF0FFF0FFF0FFF0FFF0FFF0FFF97>
1470067700586:<GA:183131590D3102012101BE>
1470067700609:<GA:183131807C>
1470067700622:<GA:18310050314B000114F00100C3>
1470067700634:<GA:1831008069>
1470067703747:<GA:1831008069>
1470067703778:<GA:183131684B31020300F660FFF2020F000F01FFFFFFFF21300F000F5100203020000097>
1470067704051:<GA:1831008069>
1470067704084:<GA:183131684B310203770F00000F011202003000300047006F007200650042006B45>
1470067704087:<GA:1831008069>
1470067704111:<GA:1831008069>
1470067704122:<GA:1831008069>
1470067704143:<GA:183131684B310203770F00000F0112120065004F00500054002E003100320038DC>
1470067704172:<GA:183131684B310203700100524F4F54FFFFFFFFFFFFFFFFFFFFFFFFA5>
1470067704205:<GA:183131684B310203700110FFFFFFFFFFFFFFFFFFFFFFFFFFFFFFFF6D>
1470067704233:<GA:18310050314B000114F00122E5>
1470067704246:<GA:1831008069>
1470067704483:<GA:1831008069>
1470067704514:<GA:183131684B310203770F00000F011222FFFFFFFFFFFFFFFFFFFFFFFFFFFFFFFFBB>
1470067704554:<GA:18310050314B000117F000C4>
1470067704571:<GA:1831008069>
1470067704585:<GA:1831008069>
1470067704603:<GA:1831008069>
1470067704623:<GA:183131684B3102030B0F00000FFF0F010F51018D>
1470067704628:<GA:1831008069>
1470067704655:<GA:183131684B310203710202003000300047006F007200650042006B0B>
1470067704689:<GA:183131684B3102037102120065004F00500054002E003100320038A2>
1470067704716:<GA:18310050314B000119F0000000C8>
1470067704730:<GA:1831008069>
1470067704755:<GA:1831008069>
1470067704786:<GA:183131684B3102030D0F000F0000000FFF0FFF0FFF0FFF0FFF0FFF0FFF0FFF019D>
1470067704789:<GA:1831008069>
1470067704824:<GA:183131684B31020300F660FFF2030F000F01FFFFFFFF21300F000F5100203020000098>
1470067704844:<GA:18310050314B000114F00122E5>
1470067704857:<GA:1831008069>
1470067705077:<GA:1831008069>
1470067705108:<GA:183131684B310203770F00000F011222FFFFFFFFFFFFFFFFFFFFFFFFFFFFFFFFBB>
1470067705140:<GA:18310050314B000114F00100C3>
1470067705161:<GA:1831008069>
1470067705180:<GA:1831008069>
1470067705201:<GA:183131780D3103024B000009>
1470067705441:<GA:1831008069>
1470067705475:<GA:183131684B310203770F00000F011202003000300047006F007200650042006B45>
1470067705481:<GA:1831008069>
1470067705517:<GA:183131684B310203770F00000F0112120065004F00500054002E003100320038DC>
1470067705533:<GA:18310050314B000114F00200C4>
1470067705543:<GA:1831008069>
1470067705571:<GA:1831008069>
1470067705580:<GA:1831008069>
1470067705596:<GA:183131684B310203720400FFFFFFFFFFFFFFFFFFFFFFFFFFFFFFFF62>
1470067705629:<GA:183131684B310203720410FFFFFFFFFFFFFFFFFFFFFFFFFFFFFFFF72>
1470067705738:<GA:1831008069>
1470067705770:<GA:183131684B31020300F660FFF2040F000F01FFFFFFFF21300F000F5100203020000099>
1470067706036:<GA:1831008069>
1470067706068:<GA:183131684B310203770F00000F0202020030004100470034004E003300750033B1>
1470067706071:<GA:1831008069>
1470067706109:<GA:183131684B310203770F00000F020212007A007700790064002E00310032003843>
1470067706133:<GA:18310050314B000114F00222E6>
1470067706138:<GA:1831008069>
1470067706402:<GA:1831008069>
1470067706432:<GA:183131684B310203770F00000F020222FFFFFFFFFFFFFFFFFFFFFFFFFFFFFFFFAC>
1470067706463:<GA:18310050314B000114F00300C5>
1470067706483:<GA:1831008069>
1470067706518:<GA:1831008069>
1470067706535:<GA:1831008069>
1470067706554:<GA:183131684B310203740400FFFFFFFFFFFFFFFFFFFFFFFFFFFFFFFF64>
1470067706588:<GA:183131684B310203740410FFFFFFFFFFFFFFFFFFFFFFFFFFFFFFFF74>
1470067706817:<GA:1831008069>
1470067706853:<GA:183131684B31020300F660FFF2050F000F01FFFFFFFF21300F000F510020302000009A>
1470067706875:<GA:183131590D3102012101BE>
1470067706901:<GA:183131807C>
1470067706937:<GA:18310020310000013117018B>
1470067706969:<GA:1831008069>
1470067707002:<GA:183131684B31021000F160FFFFFF0FFF0FFFFFFFFFFF000F0FFF0FFF00200000FFFFBF>
1470067707011:<GA:1831008069>
1470067707027:<GA:1831008069>
1470067707051:<GA:183131684B310210016266060000000514051400000000000098FF051400000000C0>
1470067707073:<GA:1831002031000001312A20BD>
1470067707087:<GA:1831008069>
1470067710326:<GA:1831008069>
1470067710346:<GA:183131780D3103024B000009>
1470067715465:<GA:1831008069>
1470067715483:<GA:183131780D3103024B000009>
1470067720051:<GA:1831008069>
1470067720083:<GA:183131684B31020200F160FFFFFF0FFF0F01FFFFFFFF000F0FFF0FFF00200000FFFFB3>
1470067720611:<GA:1831008069>
1470067720631:<GA:183131780D3103024B000009>
1470067720636:<GA:1831008069>
1470067720652:<GA:1831008069>
1470067720670:<GA:1831008069>
1470067720702:<GA:183131684B31020200F160FFFFFF0F000F01FFFFFFFF00000F000F740020002000003D>
1470067720704:<GA:1831008069>
1470067720731:<GA:183131684B310202080F00000FFF0F010F74AA>
1470067720761:<GA:183131684B310202090F0000000F000FFF0FFF0FFF0FFF0FFF0FFF0FFF86>
1470067720794:<GA:183131684B3102020A0F000F0000000FFF0FFF0FFF0FFF0FFF0FFF0FFF0FFF97>
1470067720817:<GA:18310050314B000114F00100C3>
1470067720832:<GA:1831008069>
1470067723723:<GA:1831008069>
1470067723756:<GA:183131684B31020200F160FFFFFF0F000F01FFFFFFFF21300F000F74002030200000BE>
1470067723777:<GA:1831008069>
1470067723807:<GA:183131684B310202016266060000000514051400000000000098FF051400000030E2>
1470067724181:<GA:1831008069>
1470067724213:<GA:183131684B31020300F160FFF0000F000F01FFFFFFFF21300F000F74002030200000B1>
1470067724486:<GA:1831008069>
1470067724518:<GA:183131684B310203770F00000F0112030030003000310020041E043A043504302A>
1470067724520:<GA:1831008069>
1470067724542:<GA:1831008069>
1470067724555:<GA:1831008069>
1470067724576:<GA:183131684B310203770F00000F011213043D00200415043B044C0437043800205C>
1470067724606:<GA:183131684B310203700100524F4F54FFFFFFFFFFFFFFFFFFFFFFFFA5>
1470067724640:<GA:183131684B310203700110FFFFFFFFFFFFFFFFFFFFFFFFFFFFFFFF6D>
1470067724667:<GA:18310050314B000114F00123E6>
1470067724682:<GA:1831008069>
1470067724910:<GA:1831008069>
1470067724941:<GA:183131684B310203770F00000F011223002D00200410044404400438043A043067>
1470067724969:<GA:18310050314B000114F00133F6>
1470067724979:<GA:1831008069>
1470067725028:<GA:1831008069>
1470067725046:<GA:1831008069>
1470067725065:<GA:183131684B3102037102030030003000310020041E043A04350430F0>
1470067725098:<GA:183131684B310203710213043D00200415043B044C04370438002022>
1470067725274:<GA:1831008069>
1470067725305:<GA:183131684B310203770F00000F011233005F007300650076006D0061006B006325>
1470067725329:<GA:18310050314B000114F00123E6>
1470067725344:<GA:1831008069>
1470067725564:<GA:1831008069>
1470067725595:<GA:183131684B31020300F160FFF0010F000F01FFFFFFFF21300F000F74002030200000B2>
1470067725758:<GA:1831008069>
1470067725778:<GA:183131780D3103024B000009>
1470067725868:<GA:1831008069>
1470067725899:<GA:183131684B310203770F00000F011223002D00200410044404400438043A043067>
1470067725923:<GA:18310050314B000117F000C4>
1470067725938:<GA:1831008069>
1470067725953:<GA:1831008069>
1470067725987:<GA:183131684B3102030B0F00000FFF0F010F7401B0>
1470067725998:<GA:1831008069>
1470067726023:<GA:183131684B310203720400FFFFFFFFFFFFFFFFFFFFFFFFFFFFFFFF62>
1470067726029:<GA:1831008069>
1470067726056:<GA:183131684B310203720410FFFFFFFFFFFFFFFFFFFFFFFFFFFFFFFF72>
1470067726083:<GA:18310050314B000114F00133F6>
1470067726097:<GA:1831008069>
1470067726353:<GA:1831008069>
1470067726382:<GA:183131684B310203770F00000F011233005F007300650076006D0061006B006325>
1470067726407:<GA:18310050314B000119F0000000C8>
1470067726425:<GA:1831008069>
1470067726444:<GA:1831008069>
1470067726480:<GA:183131684B3102030D0F000F0000000FFF0FFF0FFF0FFF0FFF0FFF0FFF0FFF019D>
1470067726489:<GA:1831008069>
1470067726514:<GA:183131684B310203740400FFFFFFFFFFFFFFFFFFFFFFFFFFFFFFFF64>
1470067726531:<GA:1831008069>
1470067726548:<GA:183131684B310203740410FFFFFFFFFFFFFFFFFFFFFFFFFFFFFFFF74>
1470067726575:<GA:18310050314B000114F00100C3>
1470067726589:<GA:1831008069>
1470067726648:<GA:1831008069>
1470067726680:<GA:183131684B31020300F160FFF0020F000F01FFFFFFFF21300F000F74002030200000B3>
1470067726946:<GA:1831008069>
1470067726977:<GA:183131684B310203770F00000F0112030030003000310020041E043A043504302A>
1470067726984:<GA:1831008069>
1470067727010:<GA:183131684B310203770F00000F011213043D00200415043B044C0437043800205C>
1470067727039:<GA:18310050314B000114F00123E6>
1470067727046:<GA:1831008069>
1470067727151:<GA:183131590D3102012101BE>
1470067727174:<GA:183131807C>
1470067727309:<GA:1831008069>
1470067727340:<GA:183131684B310203770F00000F011223002D00200410044404400438043A043067>
1470067727365:<GA:18310050314B000114F00133F6>
1470067727380:<GA:1831008069>
1470067727428:<GA:1831008069>
1470067727446:<GA:1831008069>
1470067727463:<GA:183131684B31020373030123043A044004300438043D0441043A0450>
1470067727497:<GA:183131684B31020373031138043904200020043E043A04FFFFFFFFBC>
1470067727607:<GA:1831008069>
1470067727638:<GA:183131684B31020300F160FFF0030F000F01FFFFFFFF21300F000F74002030200000B4>
1470067727904:<GA:1831008069>
1470067727938:<GA:183131684B310203770F00000F011233005F007300650076006D0061006B006325>
1470067727997:<GA:18310050314B000114F00200C4>
1470067728005:<GA:1831008069>
1470067728267:<GA:1831008069>
1470067728300:<GA:183131684B310203770F00000F0202030030003000330020042104350440043329>
1470067728305:<GA:1831008069>
1470067728333:<GA:183131684B310203770F00000F020213043504390020041104300431043A04383B>
1470067728365:<GA:18310050314B000114F00223E7>
1470067728372:<GA:1831008069>
1470067728386:<GA:1831008069>
1470067728403:<GA:1831008069>
1470067728423:<GA:183131684B310203750400FFFFFFFFFFFFFFFFFFFFFFFFFFFFFFFF65>
1470067728455:<GA:183131684B310203750410FFFFFFFFFFFFFFFFFFFFFFFFFFFFFFFF75>
1470067728564:<GA:1831008069>
1470067728596:<GA:183131684B31020300F160FFF0040F000F01FFFFFFFF21300F000F74002030200000B5>
1470067728863:<GA:1831008069>
1470067728892:<GA:183131684B310203770F00000F020223043D0020002D00200421043E043A044054>
1470067728920:<GA:18310050314B000114F00233F7>
1470067728934:<GA:1831008069>
1470067729175:<GA:1831008069>
1470067729206:<GA:183131684B310203770F00000F020233043E0432043804490435005F007300653E>
1470067729337:<GA:18310050314B000114F00300C5>
1470067729352:<GA:1831008069>
1470067729609:<GA:1831008069>
1470067729639:<GA:183131684B31020300F160FFF0050F000F01FFFFFFFF21300F000F74002030200000B6>
1470067729803:<GA:1831008069>
1470067729836:<GA:183131684B310203770F00000F03020300300030003400200410043D0442043829>
1470067729840:<GA:1831008069>
1470067729874:<GA:183131684B310203770F00000F03021304420456043B04300020002D0020041C4E>
1470067729898:<GA:18310050314B000114F00323E8>
1470067729904:<GA:1831008069>
1470067730116:<GA:1831008069>
1470067730147:<GA:183131684B310203770F00000F030223043E043B043E043A043E043C005F007313>
1470067730171:<GA:18310050314B000114F00333F8>
1470067730185:<GA:1831008069>
1470067730413:<GA:1831008069>
1470067730444:<GA:183131684B310203770F00000F03023300650076006D0061006B0063FFFFFFFF41>
1470067730570:<GA:18310050314B000114F00400C6>
1470067730592:<GA:1831008069>
1470067730608:<GA:1831008069>
1470067730632:<GA:183131684B31020300F160FFF0060F000F01FFFFFFFF21300F000F74002030200000B7>
1470067730888:<GA:1831008069>
1470067730921:<GA:183131684B310203770F00000F040203003000300035002004140440044304332E>
1470067730944:<GA:1831008069>
1470067730947:<GA:1831008069>
1470067730970:<GA:183131684B310203770F00000F0402130430002004400456043A04300020002D60>
1470067730993:<GA:183131780D3103024B000009>
1470067731019:<GA:18310050314B000114F00423E9>
1470067731031:<GA:1831008069>
1470067731243:<GA:1831008069>
1470067731275:<GA:183131684B310203770F00000F0402230020041F0430044004380436005F0073C2>
1470067731299:<GA:18310050314B000114F00433F9>
1470067731320:<GA:1831008069>
1470067731600:<GA:1831008069>
1470067731633:<GA:183131684B31020300F160FFF0070F000F01FFFFFFFF21300F000F74002030200000B8>
1470067731779:<GA:1831008069>
1470067731810:<GA:183131684B310203770F00000F04023300650076006D0061006B0063FFFFFFFF42>
1470067731943:<GA:18310050314B000114F00500C7>
1470067731957:<GA:1831008069>
1470067732160:<GA:1831008069>
1470067732193:<GA:183131684B310203770F00000F050203003000300036002004220456043A002034>
1470067732196:<GA:1831008069>
1470067732229:<GA:183131684B310203770F00000F050213002D002004170438043C04300020002810>
1470067732268:<GA:18310050314B000114F00523EA>
1470067732277:<GA:1831008069>
1470067732482:<GA:1831008069>
1470067732514:<GA:183131684B310203770F00000F050223006600650061007400200406044004380A>
1470067732540:<GA:18310050314B000114F00533FA>
1470067732553:<GA:1831008069>
1470067732659:<GA:1831008069>
1470067732693:<GA:183131684B31020300F160FFF0080F000F01FFFFFFFF21300F000F74002030200000B9>
1470067732957:<GA:1831008069>
1470067732988:<GA:183131684B310203770F00000F050233043D0430002004110456043B0438043A8D>
1470067733172:<GA:18310050314B000114F00600C8>
1470067733185:<GA:1831008069>
1470067733406:<GA:1831008069>
1470067733439:<GA:183131684B310203770F00000F0602030030003000370020041E043A0435043025>
1470067733443:<GA:1831008069>
1470067733476:<GA:183131684B310203770F00000F060213043D00200415043B044C04370438002051>
1470067733523:<GA:18310050314B000114F00623EB>
1470067733534:<GA:1831008069>
1470067733575:<GA:1831008069>
1470067733608:<GA:183131684B31020300F160FFF0090F000F01FFFFFFFF21300F000F74002030200000BA>
1470067733874:<GA:1831008069>
1470067733904:<GA:183131684B310203770F00000F060223002D00200419043404430020043D04303F>
1470067733929:<GA:18310050314B000114F00633FB>
1470067733943:<GA:1831008069>
1470067734178:<GA:1831008069>
1470067734208:<GA:183131684B310203770F00000F06023300200434043D043E005F00730065007659>
1470067734255:<GA:18310050314B000114F00700C9>
1470067734263:<GA:1831008069>
1470067734485:<GA:1831008069>
1470067734516:<GA:183131684B310203770F00000F070203003000300038002004110443043C04312B>
1470067734520:<GA:1831008069>
1470067734556:<GA:183131684B310203770F00000F070213043E043A04410020002D00200414043535>
1470067734580:<GA:18310050314B000114F00723EC>
1470067734584:<GA:1831008069>
1470067734653:<GA:1831008069>
1470067734685:<GA:183131684B31020300F160FFF0100F000F01FFFFFFFF21300F000F74002030200000C1>
1470067734958:<GA:1831008069>
1470067734988:<GA:183131684B310203770F00000F070223043D044C005F007300650076006D0061CE>
1470067735014:<GA:18310050314B000114F00733FC>
1470067735025:<GA:1831008069>
1470067735255:<GA:1831008069>
1470067735290:<GA:183131684B310203770F00000F070233006B0063FFFFFFFFFFFFFFFFFFFFFFFF94>
1470067735327:<GA:18310050314B000114F00800CA>
1470067735341:<GA:1831008069>
1470067735626:<GA:1831008069>
1470067735651:<GA:183131684B31020300F160FFF0110F000F01FFFFFFFF21300F000F74002030200000C2>
1470067735806:<GA:1831008069>
1470067735839:<GA:183131684B310203770F00000F08020300300030003900200421043A0440044F56>
1470067735842:<GA:1831008069>
1470067735887:<GA:183131684B310203770F00000F08021304310456043D0020002D00200414043541>
1470067735916:<GA:18310050314B000114F00823ED>
1470067735918:<GA:1831008069>
1470067736044:<GA:1831008069>
1470067736063:<GA:183131780D3103024B000009>
1470067736137:<GA:1831008069>
1470067736168:<GA:183131684B310203770F00000F08022304400435043204300020043F043B043080>
1470067736195:<GA:18310050314B000114F00833FD>
1470067736213:<GA:1831008069>
1470067736442:<GA:1831008069>
1470067736472:<GA:183131684B310203770F00000F080233043A0430043B0438005F0073006500766D>
1470067736513:<GA:18310050314B000114F00900CB>
1470067736527:<GA:1831008069>
1470067736610:<GA:1831008069>
1470067736642:<GA:183131684B31020300F160FFF0120F000F01FFFFFFFF21300F000F74002030200000C3>
1470067736916:<GA:1831008069>
1470067736948:<GA:183131684B310203770F00000F090203003000310030002004220456043A002033>
1470067736951:<GA:1831008069>
1470067736988:<GA:183131684B310203770F00000F090213002D0020004D00650069006E006500200F>
1470067737017:<GA:1831008069>
1470067737019:<GA:18310050314B000114F00923EE>
1470067737221:<GA:1831008069>
1470067737252:<GA:183131684B310203770F00000F090223004C0069006500620065005F00730065DC>
1470067737279:<GA:18310050314B000114F00933FE>
1470067737293:<GA:1831008069>
1470067737586:<GA:1831008069>
1470067737618:<GA:183131684B31020300F160FFF0130F000F01FFFFFFFF21300F000F74002030200000C4>
1470067737781:<GA:1831008069>
1470067737812:<GA:183131684B310203770F00000F0902330076006D0061006B0063FFFFFFFFFFFFE0>
1470067737877:<GA:18310050314B000114F01000D2>
1470067737891:<GA:1831008069>
1470067738104:<GA:1831008069>
1470067738135:<GA:183131684B310203770F00000F1002030030003100310020041404400443043337>
1470067738138:<GA:1831008069>
1470067738173:<GA:183131684B310203770F00000F1002130430002004400456043A04300020002D6C>
1470067738201:<GA:18310050314B000114F01023F5>
1470067738206:<GA:1831008069>
1470067738417:<GA:1831008069>
1470067738448:<GA:183131684B310203770F00000F10022300200049006E00740072006F005F0073C9>
1470067738471:<GA:18310050314B000114F0103305>
1470067738485:<GA:1831008069>
1470067738586:<GA:1831008069>
1470067738618:<GA:183131684B31020300F160FFF0140F000F01FFFFFFFF21300F000F74002030200000C5>
1470067738891:<GA:1831008069>
1470067738923:<GA:183131684B310203770F00000F10023300650076006D0061006B0063FFFFFFFF4E>
1470067739057:<GA:18310050314B000114F01100D3>
1470067739069:<GA:1831008069>
1470067739281:<GA:1831008069>
1470067739320:<GA:183131684B310203770F00000F110203003000310032002000450070006F006CEF>
1470067739323:<GA:1831008069>
1470067739356:<GA:183131684B310203770F00000F1102130065007400730020002D00200421043AD8>
1470067739378:<GA:18310050314B000114F01123F6>
1470067739391:<GA:1831008069>
1470067739453:<GA:1831008069>
1470067739483:<GA:183131684B31020300F160FFF0150F000F01FFFFFFFF21300F000F74002030200000C6>
1470067739756:<GA:1831008069>
1470067739787:<GA:183131684B310203770F00000F1102230456043B044C043A0438002004490435D5>
1470067739810:<GA:18310050314B000114F0113306>
1470067739824:<GA:1831008069>
1470067740062:<GA:1831008069>
1470067740093:<GA:183131684B310203770F00000F110233005F007300650076006D0061006B006325>
1470067740125:<GA:18310050314B000114F01200D4>
1470067740138:<GA:1831008069>
1470067740358:<GA:1831008069>
1470067740391:<GA:183131684B310203770F00000F12020300300031003300200410043D0442043838>
1470067740394:<GA:1831008069>
1470067740428:<GA:183131684B310203770F00000F12021304420456043B04300020002D0020042F70>
1470067740458:<GA:18310050314B000114F01223F7>
1470067740468:<GA:1831008069>
1470067740536:<GA:1831008069>
1470067740568:<GA:183131684B31020300F160FFF0160F000F01FFFFFFFF21300F000F74002030200000C7>
1470067740833:<GA:1831008069>
1470067740864:<GA:183131684B310203770F00000F1202230440043C043E005F007300650076006DAD>
1470067740887:<GA:18310050314B000114F0123307>
1470067740908:<GA:1831008069>
1470067741138:<GA:1831008069>
1470067741169:<GA:183131684B310203770F00000F1202330061006B0063FFFFFFFFFFFFFFFFFFFF02>
1470067741190:<GA:1831008069>
1470067741211:<GA:183131780D3103024B000009>
1470067741236:<GA:18310050314B000114F01300D5>
1470067741248:<GA:1831008069>
1470067741311:<GA:183131590D3102012101BE>
1470067741336:<GA:183131807C>
1470067741461:<GA:1831008069>
1470067741493:<GA:183131684B310203770F00000F1302030030003100360020004D00610064002097>
1470067741497:<GA:1831008069>
1470067741528:<GA:183131684B310203770F00000F130213004800650061006400730020002D002010>
1470067741550:<GA:18310050314B000114F01323F8>
1470067741574:<GA:1831008069>
1470067741630:<GA:1831008069>
1470067741662:<GA:183131684B31020300F160FFF0170F000F01FFFFFFFF21300F000F74002030200000C8>
1470067741935:<GA:1831008069>
1470067741966:<GA:183131684B310203770F00000F130223041D043004340456044F00200454005FDF>
1470067741999:<GA:18310050314B000114F0133308>
1470067742005:<GA:1831008069>
1470067742241:<GA:1831008069>
1470067742271:<GA:183131684B310203770F00000F130233007300650076006D0061006B0063FFFFC6>
1470067742308:<GA:18310050314B000114F01400D6>
1470067742322:<GA:1831008069>
1470067742590:<GA:1831008069>
1470067742621:<GA:183131684B31020300F160FFF0180F000F01FFFFFFFF21300F000F74002030200000C9>
1470067742775:<GA:1831008069>
1470067742808:<GA:183131684B310203770F00000F14020300300031003900200047007200650065EC>
1470067742811:<GA:1831008069>
1470067742853:<GA:183131684B310203770F00000F140213006E002000470072006500790020002D31>
1470067742878:<GA:1831008069>
1470067742880:<GA:18310050314B000114F01423F9>
1470067743098:<GA:1831008069>
1470067743128:<GA:183131684B310203770F00000F14022300200421043E043B043D04460435002079>
1470067743159:<GA:18310050314B000114F0143309>
1470067743168:<GA:1831008069>
1470067743411:<GA:1831008069>
1470067743444:<GA:183131684B310203770F00000F14023304380020041B0443043D0430005F0073E8>
1470067743479:<GA:18310050314B000114F01500D7>
1470067743487:<GA:1831008069>
1470067743581:<GA:1831008069>
1470067743613:<GA:183131684B31020300F160FFF0190F000F01FFFFFFFF21300F000F74002030200000CA>
1470067743887:<GA:1831008069>
1470067743919:<GA:183131684B310203770F00000F150203003000320031002000450070006F006CF3>
1470067743922:<GA:1831008069>
1470067743951:<GA:183131684B310203770F00000F1502130065007400730020002D002000490020E2>
1470067743980:<GA:18310050314B000114F01523FA>
1470067743988:<GA:1831008069>
1470067744192:<GA:1831008069>
1470067744223:<GA:183131684B310203770F00000F15022300420065006C006F006E006700200074BB>
1470067744249:<GA:18310050314B000114F015330A>
1470067744266:<GA:1831008069>
1470067744505:<GA:1831008069>
1470067744536:<GA:183131684B310203770F00000F150233006F00200059006F0075005F00730065E3>
1470067744578:<GA:18310050314B000114F01600D8>
1470067744582:<GA:1831008069>
1470067744683:<GA:1831008069>
1470067744715:<GA:183131684B31020300F160FFF0200F000F01FFFFFFFF21300F000F74002030200000D1>
1470067745142: