
// < d 100 183 0970003103024B0000E1 - start pause
// < d 183 131  - end pause 
// < b 183 1FF 020870  - start target

< d 183 100 09	110D0007B00D4010	22   	- ???????????????
< d 183 100 09	110D000700014011	67 		- ?????????????


< d 183 131 08590D3102012101BE   -  press on JOG on element

< d 183 131 09	780D31	03024B0000		09	- sel disk 3

< d 183 100 0A	2031	00000131	24	F0	47		CF 	- sel 47 track in current active disk
< d 183 100 0A	2031	00000131	24	F0	15		9D	- sel 47 track in current active disk
< d 183 100 09	2031	00000131	17	02			8C	- sel new disk2 from start 
< d 183 100 09	2031	00000131	2A	20			BD	- sel new disk2  ?????
< d 183 100 09	2031	00000131	17	01			8B  - sel new disk1 from start 

< d 183 100 0A	5031	4B0001	14	F003	00		C5	- request on track info (Track 3, pack#1 - "head" 00)
< d 183 100 0A	5031	4B0001	14	F004	00		C6  - request on track info (Track 4, pack#1 - "head" 00)
< d 183 100 0A	5031	4B0001	14	F003	23		E8	- request on track info (Track 3, pack#2 from 3 - 23)
< d 183 100 0A	5031	4B0001	13	F001	00		C2	- request on folder info (Folder #1 head "00")

< d 183 100 09	5031	4B0001	17	F000			C4  - request on main screen about activ track
< d 183 100 09	5031	4B0001	17	F001			C5	- request on tracks info in SEL FOLDER #1	
< d 183 100 09	5031	4B0001	17	F002			C6	- request on tracks info in SEL FOLDER #2	
< d 183 100 0B	5031	4B0001	15	F001	01 23	E9	- request on album
------------------------------------------------------------
< d 183 100 0B	5031	4B0001	19		F000		0000	C8  - Request of information what will be show on display
< d 183 100 0B	5031	4B0001	19		F001		0000	C9
							  command	show from 

response on command #19
1E	684B310203	0D	0F00		0F03	0000	0F01	0F08	0F09	0FFF	0FFF	0FFF	0FFF	0FFF			02	B6     3elements (folders)
				   show for	  elements			 ID1	 ID2											 ID8(FF - empty)
1E	684B310203	0D	0F01		0F03	0000	0F02	0F05	0F07	0FFF	0FFF	0FFF	0FFF	0FFF			02	B3

------------------------------------------------------------------------------------------------------------------------------
request:  < d 183 100 0950314B0001	17	F001	C5
response:	11		684B310203	0B		0F01		01			0F00		0F01		0F03		02		43
			11		684B310203	0B		0F02		02			0F01		0F04		0F02		02		48
			11		684B310203	0B		0F03		03			0F02		0F06		0F02		01		4C
			11		684B310203	0B		0F04		03			0F02		0F08		0F04		00		50
										FolderID	subCount	parentID	CalcFrom 	FileCount
------------------------------------------------------------------------------------------------------------------------------


1C	684B310203	76	0F010112000046006F006C0064006500720031FFFF	23



1E	684B310203	0D	0F	01	0F	00	0000	0F	FF	0F	FF	0FFF	0FFF	0FFF	0FFF	0FFF	0F	FF01	9E		disk 1 track 2
1E	684B310203	0D	0F	00	0F	02	0000	0F	01	0F	02	0FFF	0FFF	0FFF	0FFF	0FFF	0F	FF02	A5   	disk 1 track 1
1E	684B310203	0D	0F	02	0F	00	0000	0F	FF	0F	FF	0FFF	0FFF	0FFF	0FFF	0FFF	0F	FF00	9E
1E	684B310203	0D	0F	00	0F	02	0000	0F	01	0F	02	0FFF	0FFF	0FFF	0FFF	0FFF	0F	FF01	A4
--------------------------------------------------------------


08	19310D04015921	D8 - enter(press) in folder

09	50314B000117	F001					C5
11	684B3102030B0F	0101	0F000F010F0701	46
09	50314B000117	F002					C6
11	684B3102030B0F	0201	0F000F080F1500	5B

0A	50314B0001 14F01900														DB    --  ?????
09	780D3103024B0000														09
20	684B31020300F160FFF0000F020F13FFFFFFFF21300F020F15002030200101			6A

0B50314B000119F0000000C8  - after UP on folder

< d 183 131 11684B3102030B0F01010F000F010F070146   -  show folder 1 from 2 on disk 1 



11	684B310203	0B	0F	0101	0F	00	0F	01	0F	07	01	46
11	684B310203	0B	0F	0000	0F	FF	0F	FF	0F	00	02	3B
11	684B310203	0B	0F	0201	0F	00	0F	08	0F	15	00	5B


< d 100 183

1E  60 4B31 0003770F02 010F3002 03 00   300036005F004F0061007300690073   75
1E  60 4B31 0003770F02 010F3002 13 00   5F004C00690076006500200046006F   85




Track NAME --------------------------------------------------------------------------------------------
< d 183 131
1E   684B3102	0377    	0F 02	01 0F      30         02     		03       00300036005F004F0061007300690073   92
1E   684B3102	0377    	0F 02	01 0F      30         02     		13       005F004C00690076006500200046006F   A2
1E   684B3102	0377    	0F 03	01 0F      45         02     		33       00540068006500200057006F0072006C   F9
	Track pack | info |	folder|subfolder|track number|02-not select|pack/ALL|         Track name             |
													  12-select

PLAY Track --------------------------------------------------------------------------------------
< d 183 131
20  684B310203   	00     	F3    	60   	FF  F000    0F 03 0F    46    FFFFFFFF  2130 0F 03 0F 19002030200101  A5
20  684B310203   	00     	F3    	60   	FF  F001    0F 03 0F    46    FFFFFFFF  2130 0F 03 0F 19002030200101  A6
20  684B310203   	00     	F3    	60   	FF  F020    0F 03 0F    46    FFFFFFFF  2130 0F 03 0F 19002030200101  C5
20  684B310203   	00     	F3    	60   	FF  F003    0F 01 0F    10    FFFFFFFF  2130 0F 03 0F 18002030200101  6F

20	684B310203		00		F5		60		FF	F235	0F 00 0F	02	  FFFFFFFF	2130 0F 00 0F 03002030200000  7C	 
20	684B310203		00		F5		60		FF	F236	0F 00 0F	02	  FFFFFFFF	2130 0F 00 0F 03002030200000  7D
20	684B310203		00		F3		60		FF	F000	0F 02 0F    43	  FFFFFFFF	2130 0F	03 0F 19002030200101  A1
     Track pack | play | DISK |        		   | TIME  |  folder | Track|
												FFFF - isert
												F000 - start play
												
//----------------------------------------------------------------------------------------------------------------------------------------												
20	684B3102	0300	F2	60FF	F036	0F	00	0F	02	FFFFFFFF	2130	0F	02	0F	14	00203020	0001	8C	   	- play track
20	684B3102	1000	F1	60FF	FFFF	0F	FF	0F	FF	FFFFFFFF	000F	0F	FF	0F	FF	00200000	FFFF	BF     	- load DISK
20	684B3102	0200	F1	60FF	FFFF	0F	FF	0F	01	FFFFFFFF	000F	0F	FF	0F	FF	00200000	FFFF	B3		- select track
20	684B3102	2200	F1	60FF	F000	0F	01	0F	02	FFFFFFFF	2130	0F	02	0F	07	00203020	0101	69		- STOP Play
20	684B3102	1A00	F1	00FF	FFFF	0F	FF	0F	FF	FFFFFFFF	000F	0F	FF	0F	FF	00200000	FFFF	69		- Eject start
20	684B3102	1B00	F3	00FF	FFFF	0F	FF	0F	FF	FFFFFFFF	000F	0F	FF	0F	FF	00200000	FFFF	6C		- Eject end
20	684B3102	F200	F3	20FF	FFFF	0F	FF	0F	FF	FFFFFFFF	000F	0F	FF	0F	FF	00200000	FFFF	63 		- ERROR disk read
20	684B3102	0400	F3	60FF	F031	0F	03	0F	62	FFFFFFFF	2130	0F	03	0F	19	00203020	0101	F3		- Pause disk


Folder name --------------------------------------------------------------------------------------------
< d 183 131 
1C	684B310203	76	0F	02		0102  		00  	00   	56006F006C00200031FFFFFFFFFFFF	    05     
1C	604B310003	76	0F	03		0102	    00		00	 	56006F006C00200032FFFFFFFFFFFF		EA
1C	684B310203	76	0F	01		0102		00		00	 	31FFFFFFFFFFFFFFFFFFFFFFFFFFFF		AB
1C	684B310203	76	0F	02		0102		00		00 		32FFFFFFFFFFFFFFFFFFFFFFFFFFFF		AD
1C	684B310203	76	0F	01		0112		23		00		49006E007400650072007300740065		09
1C	684B310203	76	0F	01		0102		03		00		440065007000650063006800650020		59

	   PACK   | ID |   |Folder|		   | pack/ALL |     	| FOLDER NAME
					   |number|
	 
ALBOME  ----------------------------------------------------------------------------------------------------
< d 183 131 
19	684B310203	71	02	03		00	300032005F004F0061007300690073	32
19	684B310203	71	02	13		00	5F004400270059006F00750020004B	F4
19	684B310203	71	02	13		00	6E006E00650020004D006F00720074	85
	 
VOLUME ------------------------------------------------------------------------------------------------
< d 183 131 
10	680231020200	0D		14	00	D00000	1E0000	B8
10	680231020200	0C		14	00	D00000	1E0000	B7
10	680231020200	0B		14	00	D00000	1E0000	B6	   - 11
10	680231020200	05		15	00	000000	0D0000	D0
10	680231020200	06		15	00	000000	0D0000	D1
10	680231020200	07		15	00	000000	0D0000	D2     - 7
10	680231020200	0A		14	00	D00000	1E0000	B5
					volume
	 
	 
1E684B310203770F0101 0F 01 02 33 006FFFFFFFFFFFFFFFFFFFFFFFFFFFFF2F

1E684B31020377	0F	0101	0F	1602	01	00	300032002E002000530074006F006C	03
1E684B31020377	0F	0101	0F	0112	13	00	6E006E00650020004D006F00720074	C1
1E684B31020377	0F	0000	0F	0102	23	00	6E006F007700200057006800610074	C4
1E684B31020377	0F	0000	0F	0112	13	04	3E0437044004300447043D044B0439	C9
1E684B31020377	0F	0000	0F	0112	33	04	3E0447043504400435043404380020	B3
1E684B31020377	0F	0000	0F	0112	23	00	20002D002000300031002004120020	F0
1E684B31020377	0F	0000	0F	0112	03	04	14041404220020002D0020041F0440	D6
1E684B31020377	0F	0000	0F	0112	13	04	3E0437044004300447043D044B0439	C9


1E684B31020377 	0F	0301	0F	4402	03	00	300031005F004F0061007300690073	A2
1E684B31020377	0F	0301	0F	4402	13	00	5F0042006F006E0065006800650061	04
1E684B31020377	0F	0301	0F	4402	23	00	6400270073002000420061006E006B	9D
1E684B31020377	0F	0301	0F	4402	33	00	200048006F006C0069006400610079	FD

1E684B31020377	0F	0000	0F	0412	23	00	200053007400750074007400650072	EA
1E684B31020377	0F	0000	0F	0412	33	00	20004400720065006D002000280044	13

1E684B31020377	0F	0000	0F	2202	33	00	6C0061006D00650020006200790020	A7




rear camm ----------------------------
08	590D310201	21			01					BE	-	action
08	590D310201	22			7B					39	- 	brighness
							|HEX(DEC +/- 10)
09	590D310201	91			0000				2E	- 	Contrast
							FF00
09	590D310201	94			0000				31	-	Black Level
							FF00				30 	-	Invert (night mode)
09590D31020194030034  - Display off (black)

				|command	|level
				
				
				
CAM ON
08	590D310201	22	7B		39
09	590D310201	91	0000	2E
09	590D310201	94	0000	31


CAM OFF
08	590D310201	22	71		2F
09	590D310201	91	FF00	2D
09	590D310201	94	0100	32