< d 183 131

20	684B	310202	00	F1	60FF	FFFF	0F	010F01FFFFFFFF21300F020F07002030200101		56   - insert disk 1
1F	684B	310202	01	66	6666	0000	000514051400000000000098FF051400000030			46
09	780D	310302	4B	0000																09
20	684B	310203	00	F1	60FF	F000	0F	010F01FFFFFFFF21300F020F07002030200101		49	 - start play disk 1
1E	684B	310203	77	0F	01	01	0F	0112	13	006E006E00650020004D006F00720074		C1
19	684B	310203	70	02	00					0031FFFFFFFFFFFFFFFFFFFFFFFFFFFF			91   - folder name
19	684B	310203	70	02	10					FFFFFFFFFFFFFFFFFFFFFFFFFFFFFFFF			6E	 - folder name end
1E	684B	310203	77	0F	01	01	0F	0112	23	00200020002D00200049006E00740072		F8	 - track name 
1E	684B	310203	77	0F	01	01	0F	0112	33	006FFFFFFFFFFFFFFFFFFFFFFFFFFFFF		3F
19	684B	310203	71	02	03			0031002E002000560069007600690065					F4
19	684B	310203	71	02	13			006E006E00650020004D006F00720074					85
1E	684B	310203	0D	0F	00	0F	020000	0F	010F020FFF0FFF0FFF0FFF0FFF0FFF02			A5  - audio setup ?
20	684B	310203	00	F1	60FF	F001	0F	010F01FFFFFFFF21300F020F07002030200101		4A	- current play track status
08	590D	310201	2101																	BE
1E	684B	310203	77	0F	01	01	0F	0112	23	00200020002D00200049006E00740072		F8	- disk1 track1
19	684B	310203	72	0400	496E74726FFFFFFFFFFFFFFFFFFFFFFF							73
19	684B	310203	72	0410	FFFFFFFFFFFFFFFFFFFFFFFFFFFFFFFF							72
1C	684B	310203	76	0F	01	0112	00	0031FFFFFFFFFFFFFFFFFFFFFFFFFFFF				BB	- insert in folder 
1C	684B	310203	76	0F	01	0112	10	FFFFFFFFFFFFFFFFFFFFFFFFFFFFFFFF				98	- end folder info
20	684B	310203	00	F1	60FF	F002	0F	010F01FFFFFFFF21300F020F07002030200101		4B  - current play track status
1E	684B	310203	77	0F	01	01	0F	0112	33	006FFFFFFFFFFFFFFFFFFFFFFFFFFFFF		3F
19	684B	310203	74	0400	56697669656E6E65204D6F7274FFFFFF							77
19	684B	310203	74	0410	FFFFFFFFFFFFFFFFFFFFFFFFFFFFFFFF							74
1C	684B	310203	76	0F	02	0102	00	0032FFFFFFFFFFFFFFFFFFFFFFFFFFFF				AD  - insert in folder
1C	684B	310203	76	0F	02	0102	10	FFFFFFFFFFFFFFFFFFFFFFFFFFFFFFFF				89	- end folder info
19	684B	310203	73	0400	FFFFFFFFFFFFFFFFFFFFFFFFFFFFFFFF							63
19	684B	310203	73	0410	FFFFFFFFFFFFFFFFFFFFFFFFFFFFFFFF							73
20	684B	310203	00	F1	60FF	F003	0F	010F01FFFFFFFF21300F020F07002030200101		4C	- current play track status
19	684B	310203	75	0400	FFFFFFFFFFFFFFFFFFFFFFFFFFFFFFFF							65
19	684B	310203	75	0410	FFFFFFFFFFFFFFFFFFFFFFFFFFFFFFFF							75
20	684B	310203	00	F1	60FF	F004	0F	010F01FFFFFFFF21300F020F07002030200101		4D	- current play track status
20	684B	310203	00	F1	60FF	F005	0F	010F01FFFFFFFF21300F020F07002030200101		4E	- current play track status
20	684B	310203	00	F1	60FF	F006	0F	010F01FFFFFFFF21300F020F07002030200101		4F	- current play track status
20	684B	310203	00	F1	60FF	F007	0F	010F01FFFFFFFF21300F020F07002030200101		50	- current play track status
11	684B	310203	0B	0F	0201	0F	00	0F	08	0F	1500								5B
1E	684B	310203	0D	0F	02	0F	000000	0F	FF	0FFF0FFF0FFF0FFF0FFF0FFF0FFF00			9E
1E	684B	310203	77	0F	02	01	0F	0802 	01 	00300031002E00200422043E04420020		21
1E	684B	310203	77	0F	02	01	0F	0802	11	04340435043D044CFFFFFFFFFFFFFFFF		AE