<GA:183131590D3102012001BD>
<GA:183131807C>
<GA:183131590D3102012001BD>
<GA:183131807C>
<GA:183131590D3102012101BE>
<GA:183131807C>
<GA:1831008069>
<GA:1831316802310202001215000000000D0000DD>
<GA:1831008069>
<GA:1831316802310202001315000000000D0000DE>
<GA:1831008069>
<GA:1831316802310202001215000000000D0000DD>
<GA:1831008069>
<GA:1831316802310202001115000000000D0000DC>
<GA:1831008069>
<GA:1831316802310202001215000000000D0000DD>
<GA:1831008069>
<GA:1831316802310202001315000000000D0000DE>
<GA:1831008069>
<GA:18313118023102004D>
<GA:183100600D0100014015170000CD>
<GA:183100600D0100014015170000CD>
<GA:1831008069>
<GA:1831316802310202001415000000000D0000DF>
<GA:1831008069>
<GA:1831316802310202001315000000000D0000DE>
<GA:1831008069>
<GA:1831316802310202001215000000000D0000DD>
<GA:1831008069>
<GA:1831316802310202001115000000000D0000DC>
<GA:1831008069>
<GA:1831316802310202001015000000000D0000DB>
<GA:1831008069>
<GA:1831316802310202000F15000000000D0000DA>
<GA:1831008069>
<GA:1831316802310202000E15000000000D0000D9>
<GA:1831008069>
<GA:1831316802310202000D15000000000D0000D8>
<GA:1831008069>
<GA:1831316802310202000C15000000000D0000D7>
<GA:1831008069>
<GA:1831316802310202000B15000000000D0000D6>
<GA:1831008069>
<GA:18313118023102004D>
<GA:183131590D3102012101BE>
<GA:183131807C>
<GA:1831008069>
<GA:1831316802310202000A15000000000D0000D5>
<GA:1831008069>
<GA:1831316802310202000B15000000000D0000D6>
<GA:1831008069>
<GA:1831316802310202000A15000000000D0000D5>
<GA:1831008069>
<GA:18313118023102004D>
<GA:1831008069>
<GA:1831008069>
<GA:183131180D310302005C>
<GA:1831316802310200000A15000000000D0000D3>
<GA:183131590D3102012101BE>
<GA:183131807C>
<GA:183131590D3102012101BE>
<GA:183131807C>
<GA:18310021310000010142>
<GA:1831008069>
<GA:1831008069>
<GA:1831008069>
<GA:183131680231020110BC3AA7>
<GA:1831008069>
<GA:183131480D3103024B0000D9>
<GA:183131807C>
<GA:1831316802310201000A15000000000D0000D4>
<GA:1831001131000601400078>
<GA:1831008069>
<GA:183131684B310202101F4E00BF0000000000AAC000000000AAC100FBEE0001FA>
<GA:1831008069>
<GA:1831008069>
<GA:1831008069>
<GA:183131684B31020200F160FFFFFF0F000F44FFFFFFFF21300F000F7400203020000001>
<GA:1831008069>
<GA:183131684B310202016262020000000514051400000000000098FF051400000030DA>
<GA:1831008069>
<GA:183131684B310202080F00000FFF0F010F74AA>
<GA:183131684B310202090F0000000F000FFF0FFF0FFF0FFF0FFF0FFF0FFF86>
<GA:183131684B3102020A0F000F0000000FFF0FFF0FFF0FFF0FFF0FFF0FFF0FFF97>
<GA:18310050314B000114F00100C3>
<GA:1831008069>
<GA:1831008069>
<GA:183131780D3103024B000009>
<GA:1831008069>
<GA:183131684B31020300F160FFF1200F000F44FFFFFFFF21300F000F7400203020000015>
<GA:1831008069>
<GA:183131684B310203770F00000F0102030030003000310020041E043A043504301A>
<GA:1831008069>
<GA:1831008069>
<GA:1831008069>
<GA:183131684B310203770F00000F010213043D00200415043B044C0437043800204C>
<GA:183131684B310203700100524F4F54FFFFFFFFFFFFFFFFFFFFFFFFA5>
<GA:183131684B310203700110FFFFFFFFFFFFFFFFFFFFFFFFFFFFFFFF6D>
<GA:1831008069>
<GA:183131684B31020300F160FFF1210F000F44FFFFFFFF21300F000F7400203020000016>
<GA:18310050314B000114F00123E6>
<GA:1831008069>
<GA:1831008069>
<GA:183131684B310203770F00000F010223002D00200410044404400438043A043057>
<GA:18310050314B000114F00133F6>
<GA:1831008069>
<GA:1831008069>
<GA:183131684B310203770F00000F010233005F007300650076006D0061006B006315>
<GA:18310050314B000117F000C4>
<GA:1831008069>
<GA:1831008069>
<GA:183131684B3102030B0F00000FFF0F010F7401B0>
<GA:1831008069>
<GA:183131684B31020371020300300035003500200413043E0440043300>
<GA:1831008069>
<GA:183131684B310203710213045604480435043B04560020002D002067>
<GA:18310050314B000119F0000000C8>
<GA:1831008069>
<GA:1831008069>
<GA:183131684B3102030D0F000F0000000FFF0FFF0FFF0FFF0FFF0FFF0FFF0FFF019D>
<GA:1831008069>
<GA:183131684B31020300F160FFF1220F000F44FFFFFFFF21300F000F7400203020000017>
<GA:18310050314B000114F0442329>
<GA:1831008069>
<GA:1831008069>
<GA:183131684B310203770F00000F4412230412043504410435043B043E005F00732F>
<GA:1831008069>
<GA:1831316802310202000915000000000D0000D4>
<GA:1831008069>
<GA:18310050314B000114F00100C3>
<GA:1831008069>
<GA:1831316802310202000815000000000D0000D3>
<GA:1831008069>
<GA:1831316802310202000715000000000D0000D2>
<GA:1831008069>
<GA:183131684B310203770F00000F0102030030003000310020041E043A043504301A>
<GA:1831008069>
<GA:183131684B310203770F00000F010213043D00200415043B044C0437043800204C>
<GA:18310050314B000114F0443339>
<GA:1831008069>
<GA:1831008069>
<GA:1831008069>
<GA:183131684B310203720400FFFFFFFFFFFFFFFFFFFFFFFFFFFFFFFF62>
<GA:1831008069>
<GA:183131684B310203720410FFFFFFFFFFFFFFFFFFFFFFFFFFFFFFFF72>
<GA:1831316802310202000615000000000D0000D1>
<GA:1831008069>
<GA:183131684B31020300F160FFF1230F000F44FFFFFFFF21300F000F7400203020000018>
<GA:1831008069>
<GA:183131684B310203770F00000F44123300650076006D0061006B0063FFFFFFFF92>
<GA:18310050314B000114F00123E6>
<GA:1831008069>
<GA:1831008069>
<GA:183131780D3103024B000009>
<GA:1831008069>
<GA:183131684B310203770F00000F010223002D00200410044404400438043A043057>
<GA:18310050314B000114F00133F6>
<GA:1831008069>
<GA:1831008069>
<GA:1831008069>
<GA:183131684B310203740400FFFFFFFFFFFFFFFFFFFFFFFFFFFFFFFF64>
<GA:183131684B310203740410FFFFFFFFFFFFFFFFFFFFFFFFFFFFFFFF74>
<GA:1831008069>
<GA:183131684B31020300F160FFF1240F000F44FFFFFFFF21300F000F7400203020000019>
<GA:1831008069>
<GA:183131684B310203770F00000F010233005F007300650076006D0061006B006315>
<GA:18310050314B000114F00200C4>
<GA:1831008069>
<GA:1831008069>
<GA:183131684B310203770F00000F0202030030003000330020042104350440043329>
<GA:1831008069>
<GA:183131684B310203770F00000F020213043504390020041104300431043A04383B>
<GA:18310050314B000114F00223E7>
<GA:1831008069>
<GA:1831008069>
<GA:1831008069>
<GA:183131684B31020373030123043A044004300438043D0441043A0450>
<GA:183131684B31020373031138043904200020043E043A04FFFFFFFFBC>
<GA:1831008069>
<GA:18313118023102014E>
<GA:1831008069>
<GA:183131684B31020300F160FFF1250F000F44FFFFFFFF21300F000F740020302000001A>
<GA:1831008069>
<GA:183131684B310203770F00000F020223043D0020002D00200421043E043A044054>
<GA:18310050314B000114F00233F7>
<GA:1831008069>
<GA:1831008069>
<GA:183131684B310203770F00000F020233043E0432043804490435005F007300653E>
<GA:18310050314B000114F00300C5>
<GA:1831008069>
<GA:1831008069>
<GA:1831008069>
<GA:183131684B310203750400FFFFFFFFFFFFFFFFFFFFFFFFFFFFFFFF65>
<GA:183131684B310203750410FFFFFFFFFFFFFFFFFFFFFFFFFFFFFFFF75>
<GA:1831008069>
<GA:183131684B310203770F00000F03020300300030003400200410043D0442043829>
<GA:1831008069>
<GA:183131684B310203770F00000F03021304420456043B04300020002D0020041C4E>
<GA:18310050314B000114F00323E8>
<GA:1831008069>
<GA:1831008069>
<GA:183131684B31020300F160FFF1260F000F44FFFFFFFF21300F000F740020302000001B>
<GA:1831008069>
<GA:1831008069>
<GA:183131684B310203770F00000F030223043E043B043E043A043E043C005F007313>
<GA:1831316802310202000515000000000D0000D0>
<GA:18310050314B000114F00333F8>
<GA:1831008069>
<GA:1831008069>
<GA:183131684B310203770F00000F03023300650076006D0061006B0063FFFFFFFF41>
<GA:18310050314B000114F00400C6>
<GA:1831008069>
<GA:1831008069>
<GA:183131684B31020300F160FFF1270F000F44FFFFFFFF21300F000F740020302000001C>
<GA:1831008069>
<GA:183131684B310203770F00000F040203003000300035002004140440044304332E>
<GA:1831008069>
<GA:183131684B310203770F00000F0402130430002004400456043A04300020002D60>
<GA:18310050314B000114F00423E9>
<GA:1831008069>
<GA:1831008069>
<GA:183131684B310203770F00000F0402230020041F0430044004380436005F0073C2>
<GA:18310050314B000114F00433F9>
<GA:1831008069>
<GA:1831008069>
<GA:183131684B310203770F00000F04023300650076006D0061006B0063FFFFFFFF42>
<GA:18310050314B000114F00500C7>
<GA:1831008069>
<GA:1831008069>
<GA:183131684B31020300F160FFF1280F000F44FFFFFFFF21300F000F740020302000001D>
<GA:1831008069>
<GA:183131684B310203770F00000F050203003000300036002004220456043A002034>
<GA:1831008069>
<GA:183131684B310203770F00000F050213002D002004170438043C04300020002810>
<GA:18310050314B000114F00523EA>
<GA:1831008069>
<GA:1831008069>
<GA:18313118023102014E>
<GA:1831008069>
<GA:183131684B310203770F00000F050223006600650061007400200406044004380A>
<GA:18310050314B000114F00533FA>
<GA:1831008069>
<GA:1831008069>
<GA:183131780D3103024B000009>
<GA:1831008069>
<GA:183131684B31020300F160FFF1290F000F44FFFFFFFF21300F000F740020302000001E>
<GA:1831008069>
<GA:183131684B310203770F00000F050233043D0430002004110456043B0438043A8D>
<GA:18310050314B000114F00600C8>
<GA:1831008069>
<GA:1831008069>
<GA:183131684B310203770F00000F0602030030003000370020041E043A0435043025>
<GA:1831008069>
<GA:183131684B310203770F00000F060213043D00200415043B044C04370438002051>
<GA:18310050314B000114F00623EB>
<GA:1831008069>
<GA:1831008069>
<GA:183131684B310203770F00000F060223002D00200419043404430020043D04303F>
<GA:18310050314B000114F00633FB>
<GA:1831008069>
<GA:1831008069>
<GA:183131684B31020300F160FFF1300F000F44FFFFFFFF21300F000F7400203020000025>
<GA:1831008069>
<GA:183131684B310203770F00000F06023300200434043D043E005F00730065007659>
<GA:18310050314B000114F00700C9>
<GA:1831008069>
<GA:1831008069>
<GA:183131684B310203770F00000F070203003000300038002004110443043C04312B>
<GA:1831008069>
<GA:183131684B310203770F00000F070213043E043A04410020002D00200414043535>
<GA:18310050314B000114F00723EC>
<GA:1831008069>
<GA:1831008069>
<GA:183131684B310203770F00000F070223043D044C005F007300650076006D0061CE>
<GA:18310050314B000114F00733FC>
<GA:1831008069>
<GA:1831008069>
<GA:183131684B31020300F160FFF1310F000F44FFFFFFFF21300F000F7400203020000026>
<GA:1831008069>
<GA:183131684B310203770F00000F070233006B0063FFFFFFFFFFFFFFFFFFFFFFFF94>
<GA:18310050314B000114F00800CA>
<GA:1831008069>
<GA:1831008069>
<GA:183131684B310203770F00000F08020300300030003900200421043A0440044F56>
<GA:1831008069>
<GA:183131684B310203770F00000F08021304310456043D0020002D00200414043541>
<GA:18310050314B000114F00823ED>
<GA:1831008069>
<GA:1831008069>
<GA:183131684B31020300F160FFF1320F000F44FFFFFFFF21300F000F7400203020000027>
<GA:1831008069>
<GA:183131684B310203770F00000F08022304400435043204300020043F043B043080>
<GA:18310050314B000114F00833FD>
<GA:1831008069>
<GA:1831008069>
<GA:183131684B310203770F00000F080233043A0430043B0438005F0073006500766D>
<GA:18310050314B000114F00900CB>
<GA:1831008069>
<GA:1831008069>
<GA:183131684B310203770F00000F090203003000310030002004220456043A002033>
<GA:1831008069>
<GA:183131684B310203770F00000F090213002D0020004D00650069006E006500200F>
<GA:18310050314B000114F00923EE>
<GA:1831008069>
<GA:1831008069>
<GA:183131684B31020300F160FFF1330F000F44FFFFFFFF21300F000F7400203020000028>
<GA:1831008069>
<GA:183131684B310203770F00000F090223004C0069006500620065005F00730065DC>
<GA:18310050314B000114F00933FE>
<GA:1831008069>
<GA:1831008069>
<GA:183131684B310203770F00000F0902330076006D0061006B0063FFFFFFFFFFFFE0>
<GA:18310050314B000114F01000D2>
<GA:1831008069>
<GA:1831008069>
<GA:183131780D3103024B000009>
<GA:1831008069>
<GA:183131684B31020300F160FFF1340F000F44FFFFFFFF21300F000F7400203020000029>
<GA:1831008069>
<GA:183131684B310203770F00000F1002030030003100310020041404400443043337>
<GA:1831008069>
<GA:183131684B310203770F00000F1002130430002004400456043A04300020002D6C>
<GA:18310050314B000114F01023F5>
<GA:1831008069>
<GA:1831008069>
<GA:183131684B310203770F00000F10022300200049006E00740072006F005F0073C9>
<GA:18310050314B000114F0103305>
<GA:1831008069>
<GA:1831008069>
<GA:1831008069>
<GA:183131684B310203770F00000F10023300650076006D0061006B0063FFFFFFFF4E>
<GA:1831316802310202000615000000000D0000D1>
<GA:18310050314B000114F01100D3>
<GA:1831008069>
<GA:1831008069>
<GA:183131684B31020300F160FFF1350F000F44FFFFFFFF21300F000F740020302000002A>
<GA:1831008069>
<GA:1831316802310202000515000000000D0000D0>
<GA:1831008069>
<GA:183131684B310203770F00000F110203003000310032002000450070006F006CEF>
<GA:1831008069>
<GA:183131684B310203770F00000F1102130065007400730020002D00200421043AD8>
<GA:18310050314B000114F01123F6>
<GA:1831008069>
<GA:1831008069>
<GA:183131684B310203770F00000F1102230456043B044C043A0438002004490435D5>
<GA:18310050314B000114F0113306>
<GA:1831008069>
<GA:1831008069>
<GA:183131684B310203770F00000F110233005F007300650076006D0061006B006325>
<GA:18310050314B000114F01200D4>
<GA:1831008069>
<GA:1831008069>
<GA:183131684B31020300F160FFF1360F000F44FFFFFFFF21300F000F740020302000002B>
<GA:183131590D3102012101BE>
<GA:183131807C>
<GA:1831008069>
<GA:183131684B310203770F00000F12020300300031003300200410043D0442043838>
<GA:1831008069>
<GA:183131684B310203770F00000F12021304420456043B04300020002D0020042F70>
<GA:18310050314B000114F01223F7>
<GA:1831008069>
<GA:1831008069>
<GA:183131684B310203770F00000F1202230440043C043E005F007300650076006DAD>
<GA:18310050314B000114F0123307>
<GA:1831008069>
<GA:1831008069>
<GA:183131684B31020300F160FFF1370F000F44FFFFFFFF21300F000F740020302000002C>
<GA:1831008069>
<GA:183131684B31022200F160FFF0000F000F45FFFFFFFF21300F000F7400203020000014>
<GA:1831008069>
<GA:18313118023102014E>
<GA:1831008069>
<GA:183131780D3103024B000009>
<GA:183131590D3102012101BE>
<GA:183131807C>
<GA:18310020310000013124F0028A>
<GA:1831008069>
<GA:1831008069>
<GA:183131684B31020200F160FFFFFF0F000F02FFFFFFFF21300F000F74002030200000BF>
<GA:18310050314B000114F01200D4>
<GA:1831008069>
<GA:183131590D3102012101BE>
<GA:183131807C>
<GA:18310020310000013117038D>
<GA:1831008069>
<GA:183131684B31021000F360FFFFFF0FFF0FFFFFFFFFFF000F0FFF0FFF00200000FFFFC1>
<GA:1831008069>
<GA:1831008069>
<GA:183131684B310210016262020000000514051400000000000098FF051400000000B8>
<GA:1831002031000001312A20BD>
<GA:1831008069>
<GA:1831008069>
<GA:183131780D3103024B000009>
<GA:18310050314B000114F01200D4>
<GA:1831008069>
<GA:183100600D0100014015180000CE>
<GA:1831008069>
<GA:183131780D3103024B000009>
<GA:1831008069>
<GA:183131780D3103024B000009>
<GA:1831008069>
<GA:183131780D3103024B000009>
<GA:1831008069>
<GA:183131780D3103024B000009>
<GA:1831008069>
<GA:183131780D3103024B000009>
<GA:1831008069>
<GA:183131780D3103024B000009>
<GA:1831008069>
<GA:183131684B3102F200F320FFFFFF0FFF0FFFFFFFFFFF000F0FFF0FFF00200000FFFF63>
<GA:1831008069>
<GA:183131684B3102F2016222020000000514051400000000000098FF0514000000005A>
<GA:1831008069>
<GA:183131684B31021A00F300FFFFFF0FFF0FFFFFFFFFFF000F0FFF0FFF00200000FFFF6B>
<GA:1831008069>
<GA:183131780D3103024B000009>
<GA:1831008069>
<GA:183131780D3103024B000009>
<GA:1831008069>
<GA:183131684B31021B00F300FFFFFF0FFF0FFFFFFFFFFF000F0FFF0FFF00200000FFFF6C>
<GA:1831008069>
<GA:1831008069>
<GA:18313118023102004D>
<GA:183131480D31030200018E>
<GA:183131807C>
<GA:1831001131000601400179>
<GA:183131590D3102012101BE>
<GA:183131807C>
<GA:1831008069>
<GA:183131184B310217AD>
<GA:1831008069>
<GA:183131684B310217016202020000000514051400000000000098FF0514000000005F>
<GA:1831008069>
<GA:183131184B311218BE>
<GA:1831008069>
<GA:1831008069>
<GA:183131680231020110BC3AA7>
<GA:1831008069>
<GA:183131480D3103024B0000D9>
<GA:183131807C>
<GA:1831316802310201000515000000000D0000CF>
<GA:1831001131000601400078>
<GA:1831008069>
<GA:183131684B310218101F4E00BF0000000000AAC000000000AAC100FBEE000110>
<GA:1831008069>
<GA:1831008069>
<GA:183131684B31021800F320FFFFFF0FFF0FFFFFFFFFFF000F0FFF0FFF00200000FFFF89>
<GA:183131684B310218016202020000000514051400000000000098FF05140000000060>
<GA:1831008069>
<GA:183131684B310218016222020000000514051400000000000098FF05140000000080>
<GA:1831008069>
<GA:183131780D3103024B000009>
<GA:1831008069>
<GA:183131684B31021500F320FFFFFF0FFF0FFFFFFFFFFF000F0FFF0FFF00200000FFFF86>
<GA:1831008069>
<GA:183131780D3103024B000009>
<GA:1831008069>
<GA:183131684B31020200F360FFFFFF0FFF0F01FFFFFFFF000F0FFF0FFF00200000FFFFB5>
<GA:1831008069>
<GA:183131684B310202016262020000000514051400000000000098FF051400000000AA>
<GA:18310050314B000114F00100C3>
<GA:1831008069>
<GA:1831008069>
<GA:183131684B31020200F360FFFFFF0FFF0F01FFFFFFFF213F0FFF0FFF00203000FFFF36>
<GA:1831008069>
<GA:183131684B310202016262020000000514051400000000000098FF051400000030DA>
<GA:1831008069>
<GA:183131780D3103024B000009>
<GA:1831008069>
<GA:1831008069>
<GA:183131684B31020200F360FFFFFF0F010F01FFFFFFFF21300F130F0300203020010468>
<GA:1831008069>
<GA:183131684B310202080F01010F000F010F033C>
<GA:1831008069>
<GA:183131684B310202090F0101000F000F010FFF0FFF0FFF0FFF0FFF0FFF8A>
<GA:183131684B3102020A0F010F0300000F020F050F070FFF0FFF0FFF0FFF0FFFAC>
<GA:18310050314B000114F00100C3>
<GA:1831008069>
<GA:183100600D0100014015190000CF>
<GA:1831008069>
<GA:183131684B31020300F360FFF0000F010F01FFFFFFFF21300F130F030020302001045B>
<GA:1831008069>
<GA:183131684B310203770F01010F01120300300031002E002000540068006500209E>
<GA:1831008069>
<GA:183131684B310203770F01010F0112130057006100790066006100720069006EFF>
<GA:18310050314B000114F00100C3>
<GA:1831008069>
<GA:1831008069>
<GA:183131684B310203770F01010F01120300300031002E002000540068006500209E>
<GA:1831008069>
<GA:183131684B310203770F01010F0112130057006100790066006100720069006EFF>
<GA:18310050314B000114F00100C3>
<GA:1831008069>
<GA:1831008069>
<GA:1831008069>
<GA:183131684B3102037002000046006F006C0064006500720031FFFFF9>
<GA:183131684B310203700210FFFFFFFFFFFFFFFFFFFFFFFFFFFFFFFF6E>
<GA:1831008069>
<GA:183131684B310203770F01010F01120300300031002E002000540068006500209E>
<GA:1831008069>
<GA:183131684B310203770F01010F0112130057006100790066006100720069006EFF>
<GA:18310050314B000114F00123E6>
<GA:1831008069>
<GA:1831008069>
<GA:183131684B31020300F360FFF0010F010F01FFFFFFFF21300F130F030020302001045C>
<GA:1831008069>
<GA:183131684B310203770F01010F011223006700200053007400720061006E0067C4>
<GA:18310050314B000114F00123E6>
<GA:1831008069>
<GA:1831008069>
<GA:1831008069>
<GA:183131684B31020371020300300031002E0020005400680065002062>
<GA:183131684B3102037102130057006100790066006100720069006EC3>
<GA:1831008069>
<GA:183131684B310203770F01010F011223006700200053007400720061006E0067C4>
<GA:18310050314B000114F00123E6>
<GA:1831008069>
<GA:1831008069>
<GA:183131684B31020300F360FFF0020F010F01FFFFFFFF21300F130F030020302001045D>
<GA:1831008069>
<GA:183131684B310203770F01010F011223006700200053007400720061006E0067C4>
<GA:18310050314B000114F00133F6>
<GA:1831008069>
<GA:1831008069>
<GA:1831008069>
<GA:183131684B310203720303540068006500200057006100790066004C>
<GA:183131684B3102037203136100720069006E0067002000530074007C>
<GA:1831008069>
<GA:183131684B310203770F01010F011233006500720020002D00200053006800613E>
<GA:18310050314B000114F00123E6>
<GA:1831008069>
<GA:1831008069>
<GA:183131684B31020300F360FFF0030F010F01FFFFFFFF21300F130F030020302001045E>
<GA:1831008069>
<GA:183131780D3103024B000009>
<GA:1831008069>
<GA:183131684B310203770F01010F011223006700200053007400720061006E0067C4>
<GA:18310050314B000115F0010123E9>
<GA:1831008069>
<GA:1831008069>
<GA:183131684B310203780F01010F01011323720061006E006700650072002F005300D3>
<GA:1831008069>
<GA:183131684B3102037403014E0069006E00610020004D007900610041>
<GA:1831008069>
<GA:183131684B310203740311FFFFFFFFFFFFFFFFFFFFFFFFFFFFFFFF74>
<GA:18310050314B000117F000C4>
<GA:1831008069>
<GA:1831008069>
<GA:183131684B3102030B0F00000FFF0FFF0F00023B>
<GA:18310050314B000114F00133F6>
<GA:1831008069>
<GA:1831008069>
<GA:1831008069>
<GA:183131684B31020373030043006C006F007300750072006500FFFF4D>
<GA:183131684B310203730310FFFFFFFFFFFFFFFFFFFFFFFFFFFFFFFF72>
<GA:1831008069>
<GA:183131684B310203770F01010F011233006500720020002D00200053006800613E>
<GA:18310050314B000115F0010133F9>
<GA:1831008069>
<GA:1831008069>
<GA:183131684B310203780F01010F0101133368006100640065007300FFFF3300FFFF16>
<GA:18310050314B000119F0000000C8>
<GA:1831008069>
<GA:1831008069>
<GA:183131684B3102030D0F000F0300000F010F080F090FFF0FFF0FFF0FFF0FFF02B6>
<GA:1831008069>
<GA:183131684B31020300F360FFF0040F010F01FFFFFFFF21300F130F030020302001045F>
<GA:18310050314B000113F00100C2>
<GA:1831008069>
<GA:1831008069>
<GA:1831008069>
<GA:183131684B310203760F010112000046006F006C0064006500720031FFFF23>
<GA:183131684B310203760F01011210FFFFFFFFFFFFFFFFFFFFFFFFFFFFFFFF98>
<GA:18310050314B000113F00800C9>
<GA:1831008069>
<GA:1831008069>
<GA:1831008069>
<GA:183131684B310203750400FFFFFFFFFFFFFFFFFFFFFFFFFFFFFFFF65>
<GA:183131684B310203750410FFFFFFFFFFFFFFFFFFFFFFFFFFFFFFFF75>
<GA:1831008069>
<GA:1831008069>
<GA:183131684B310203760F080102000046006F006C0064006500720032FFFF1B>
<GA:183131684B310203760F08010210FFFFFFFFFFFFFFFFFFFFFFFFFFFFFFFF8F>
<GA:18310050314B000113F00900CA>
<GA:1831008069>
<GA:1831008069>
<GA:1831008069>
<GA:183131684B310203760F090102000046006F006C0064006500720033FFFF1D>
<GA:183131684B310203760F09010210FFFFFFFFFFFFFFFFFFFFFFFFFFFFFFFF90>
<GA:1831008069>
<GA:183131684B31020300F360FFF0050F010F01FFFFFFFF21300F130F0300203020010460>
<GA:1831008069>
<GA:183131684B31020300F360FFF0060F010F01FFFFFFFF21300F130F0300203020010461>
<GA:1831008069>
<GA:183131684B31020300F360FFF0070F010F01FFFFFFFF21300F130F0300203020010462>
<GA:1831008069>
<GA:183131684B31020300F360FFF0080F010F01FFFFFFFF21300F130F0300203020010463>
<GA:1831008069>
<GA:183131780D3103024B000009>
<GA:1831008069>
<GA:183131684B31020300F360FFF0090F010F01FFFFFFFF21300F130F0300203020010464>
<GA:1831008069>
<GA:183131684B31020300F360FFF0100F010F01FFFFFFFF21300F130F030020302001046B>
<GA:1831008069>
<GA:183131684B31020300F360FFF0110F010F01FFFFFFFF21300F130F030020302001046C>
<GA:1831008069>
<GA:183131684B31020300F360FFF0120F010F01FFFFFFFF21300F130F030020302001046D>
<GA:1831008069>
<GA:183131684B31020300F360FFF0130F010F01FFFFFFFF21300F130F030020302001046E>
<GA:1831008069>
<GA:183131780D3103024B000009>
<GA:1831008069>
<GA:183131684B31020300F360FFF0140F010F01FFFFFFFF21300F130F030020302001046F>
<GA:1831008069>
<GA:183131684B31020300F360FFF0150F010F01FFFFFFFF21300F130F0300203020010470>
<GA:1831008069>
<GA:183131684B31020300F360FFF0160F010F01FFFFFFFF21300F130F0300203020010471>
<GA:1831008069>
<GA:183131684B31020300F360FFF0170F010F01FFFFFFFF21300F130F0300203020010472>
<GA:1831008069>
<GA:183131684B31020300F360FFF0180F010F01FFFFFFFF21300F130F0300203020010473>
<GA:1831008069>
<GA:183131780D3103024B000009>
<GA:1831008069>
<GA:183131684B31020300F360FFF0190F010F01FFFFFFFF21300F130F0300203020010474>
<GA:1831008069>
<GA:183131684B31020300F360FFF0200F010F01FFFFFFFF21300F130F030020302001047B>
<GA:1831008069>
<GA:183131684B31020300F360FFF0210F010F01FFFFFFFF21300F130F030020302001047C>
<GA:1831008069>
<GA:183131684B31020300F360FFF0220F010F01FFFFFFFF21300F130F030020302001047D>
<GA:1831008069>
<GA:183131684B31020300F360FFF0230F010F01FFFFFFFF21300F130F030020302001047E>
<GA:1831008069>
<GA:183131780D3103024B000009>
<GA:1831008069>
<GA:183131684B31020300F360FFF0240F010F01FFFFFFFF21300F130F030020302001047F>
<GA:1831008069>
<GA:183131684B31020300F360FFF0250F010F01FFFFFFFF21300F130F0300203020010480>
<GA:1831008069>
<GA:183131684B31020300F360FFF0260F010F01FFFFFFFF21300F130F0300203020010481>
<GA:1831008069>
<GA:183131684B31020300F360FFF0270F010F01FFFFFFFF21300F130F0300203020010482>
<GA:1831008069>
<GA:183131684B31020300F360FFF0280F010F01FFFFFFFF21300F130F0300203020010483>
<GA:183131590D3102012101BE>
<GA:183131807C>
<GA:1831008069>
<GA:183131780D3103024B000009>
<GA:1831008069>
<GA:183131684B31020300F360FFF0290F010F01FFFFFFFF21300F130F0300203020010484>
<GA:1831008069>
<GA:183131684B31020300F360FFF0300F010F01FFFFFFFF21300F130F030020302001048B>
<GA:1831008069>
<GA:183131684B31020300F360FFF0310F010F01FFFFFFFF21300F130F030020302001048C>
<GA:1831008069>
<GA:183131684B31020300F360FFF0320F010F01FFFFFFFF21300F130F030020302001048D>
<GA:1831008069>
<GA:183131684B31020300F360FFF0330F010F01FFFFFFFF21300F130F030020302001048E>
<GA:183131590D3102012101BE>
<GA:183131807C>
<GA:18310050314B000117F001C5>
<GA:1831008069>
<GA:1831008069>
<GA:183131684B3102030B0F01010F000F010F030142>
<GA:18310050314B000119F0010000C9>
<GA:1831008069>
<GA:1831008069>
<GA:183131684B3102030D0F010F0300000F020F050F070FFF0FFF0FFF0FFF0FFF01B2>
<GA:18310050314B000113F00200C3>
<GA:1831008069>
<GA:1831008069>
<GA:1831008069>
<GA:183131684B310203760F020202010046006F006C0064006500720031003149>
<GA:183131684B310203760F02020211FFFFFFFFFFFFFFFFFFFFFFFFFFFFFFFF8B>
<GA:18310050314B000113F00500C6>
<GA:1831008069>
<GA:1831008069>
<GA:1831008069>
<GA:183131684B310203760F050202010046006F006C006400650072003100324D>
<GA:183131684B310203760F05020211FFFFFFFFFFFFFFFFFFFFFFFFFFFFFFFF8E>
<GA:1831008069>
<GA:183131780D3103024B000009>
<GA:18310050314B000113F00700C8>
<GA:1831008069>
<GA:1831008069>
<GA:183131684B31020300F360FFF0340F010F01FFFFFFFF21300F130F030020302001048F>
<GA:1831008069>
<GA:1831008069>
<GA:183131684B310203760F070202010046006F006C0064006500720031003350>
<GA:183131684B310203760F07020211FFFFFFFFFFFFFFFFFFFFFFFFFFFFFFFF90>
<GA:18310050314B000114F00100C3>
<GA:1831008069>
<GA:1831008069>
<GA:183131684B310203770F01010F01120300300031002E002000540068006500209E>
<GA:1831008069>
<GA:183131684B310203770F01010F0112130057006100790066006100720069006EFF>
<GA:18310050314B000114F00123E6>
<GA:1831008069>
<GA:1831008069>
<GA:183131684B310203770F01010F011223006700200053007400720061006E0067C4>
<GA:18310050314B000114F00133F6>
<GA:1831008069>
<GA:1831008069>
<GA:183131684B31020300F360FFF0350F010F01FFFFFFFF21300F130F0300203020010490>
<GA:1831008069>
<GA:183131684B310203770F01010F011233006500720020002D00200053006800613E>
<GA:18310050314B000114F00200C4>
<GA:1831008069>
<GA:1831008069>
<GA:183131684B310203770F01010F02020100300032002E002000540068006500208E>
<GA:1831008069>
<GA:183131684B310203770F01010F020211005700650069006700680074FFFFFFFF11>
<GA:18310050314B000114F00300C5>
<GA:1831008069>
<GA:1831008069>
<GA:183131684B310203770F01010F03020100300033002E0020004D0069006E0065D8>
<GA:1831008069>
<GA:183131684B310203770F01010F03021100200041006C006F006E0065FFFFFFFFB9>
<GA:1831008069>
<GA:183131684B31020300F360FFF0360F010F01FFFFFFFF21300F130F0300203020010491>
<GA:1831008069>
<GA:183131684B31020300F360FFF0370F010F01FFFFFFFF21300F130F0300203020010492>
<GA:1831008069>
<GA:183131684B31020300F360FFF0380F010F01FFFFFFFF21300F130F0300203020010493>
<GA:1831008069>
<GA:1831008069>
<GA:183131684B31020300F360FFF0390F010F01FFFFFFFF21300F130F0300203020010494>
<GA:183131780D3103024B000009>
<GA:1831008069>
<GA:183131684B31020300F360FFF0400F010F01FFFFFFFF21300F130F030020302001049B>
<GA:1831008069>
<GA:183131684B31020300F360FFF0410F010F01FFFFFFFF21300F130F030020302001049C>
<GA:1831008069>
<GA:183131684B31020300F360FFF0420F010F01FFFFFFFF21300F130F030020302001049D>
<GA:183131590D3102012101BE>
<GA:183131807C>
<GA:18310050314B000117F005C9>
<GA:1831008069>
<GA:1831008069>
<GA:183131684B3102030B0F05020F010F120F030058>
<GA:18310050314B000119F0050000CD>
<GA:1831008069>
<GA:1831008069>
<GA:183131684B3102030D0F050F0100000F060FFF0FFF0FFF0FFF0FFF0FFF0FFF00A9>
<GA:18310050314B000113F00600C7>
<GA:1831008069>
<GA:1831008069>
<GA:183131684B31020300F360FFF0430F010F01FFFFFFFF21300F130F030020302001049E>
<GA:1831008069>
<GA:1831008069>
<GA:183131684B310203760F060302010046006F006C006400650072003100324F>
<GA:183131684B310203760F060302110031FFFFFFFFFFFFFFFFFFFFFFFFFFFFC3>
<GA:18310050314B000114F01200D4>
<GA:1831008069>
<GA:1831008069>
<GA:183131684B310203770F05020F12020200300031002E00200043006800610069D7>
<GA:1831008069>
<GA:183131684B310203770F05020F120212006E007300200047006500740020004246>
<GA:18310050314B000114F01222F6>
<GA:1831008069>
<GA:1831008069>
<GA:183131684B310203770F05020F1202220072006F006B0065006EFFFFFFFFFFFFEC>
<GA:18310050314B000114F01300D5>
<GA:1831008069>
<GA:1831008069>
<GA:183131684B31020300F360FFF0440F010F01FFFFFFFF21300F130F030020302001049F>
<GA:1831008069>
<GA:183131780D3103024B000009>
<GA:1831008069>
<GA:183131684B310203770F05020F13020200300032002E00200044006900720074F7>
<GA:1831008069>
<GA:183131684B310203770F05020F13021200790020005300650063007200650074C3>
<GA:18310050314B000114F01322F7>
<GA:1831008069>
<GA:1831008069>
<GA:183131684B310203770F05020F130222FFFFFFFFFFFFFFFFFFFFFFFFFFFFFFFFC4>
<GA:18310050314B000114F01400D6>
<GA:1831008069>
<GA:1831008069>
<GA:183131684B310203770F05020F14020300310032002E002000440072002E00206B>
<GA:1831008069>
<GA:183131684B310203770F05020F140213004600650065006C0067006F006F0064EB>
<GA:18310050314B000114F01423F9>
<GA:1831008069>
<GA:1831008069>
<GA:183131684B31020300F360FFF0450F010F01FFFFFFFF21300F130F03002030200104A0>
<GA:1831008069>
<GA:183131684B310203770F05020F14022300200028004C006F00760065002000491D>
<GA:18310050314B000114F0143309>
<GA:1831008069>
<GA:1831008069>
<GA:183131684B310203770F05020F140233007300200041002000530065007200696D>
<GA:1831008069>
<GA:183131684B31020300F360FFF0460F010F01FFFFFFFF21300F130F03002030200104A1>
<GA:1831008069>
<GA:183131684B31020300F360FFF0470F010F01FFFFFFFF21300F130F03002030200104A2>
<GA:1831008069>
<GA:183131684B31020300F360FFF0480F010F01FFFFFFFF21300F130F03002030200104A3>
<GA:1831008069>
<GA:183131684B31020300F360FFF0490F010F01FFFFFFFF21300F130F03002030200104A4>
<GA:1831008069>
<GA:183131780D3103024B000009>
<GA:1831008069>
<GA:183131684B31020300F360FFF0500F010F01FFFFFFFF21300F130F03002030200104AB>
<GA:183131590D3102012101BE>
<GA:183131807C>
<GA:18310050314B000117F006CA>
<GA:1831008069>
<GA:1831008069>
<GA:183131684B3102030B0F06030F050F150F040062>
<GA:18310050314B000119F0060000CE>
<GA:1831008069>
<GA:1831008069>
<GA:183131684B3102030D0F060F0000000FFF0FFF0FFF0FFF0FFF0FFF0FFF0FFF00A2>
<GA:18310050314B000114F01500D7>
<GA:1831008069>
<GA:1831008069>
<GA:183131684B310203770F06030F15020100300033002E00200042006500740074F7>
<GA:1831008069>
<GA:183131684B310203770F06030F1502110065007200200044006100790073FFFF4D>
<GA:18310050314B000114F01600D8>
<GA:1831008069>
<GA:1831008069>
<GA:183131684B310203770F06030F16020200300034002E0020004500790065007301>
<GA:1831008069>
<GA:183131684B310203770F06030F1602120020006F00660020004200610072006255>
<GA:18310050314B000114F01622FA>
<GA:1831008069>
<GA:1831008069>
<GA:183131684B31020300F360FFF0510F010F01FFFFFFFF21300F130F03002030200104AC>
<GA:1831008069>
<GA:183131684B310203770F06030F16022200610064006F0073FFFFFFFFFFFFFFFF78>
<GA:18310050314B000114F01700D9>
<GA:1831008069>
<GA:1831008069>
<GA:183131684B310203770F06030F17020200300035002E002000570061006E0020B3>
<GA:1831008069>
<GA:183131684B310203770F06030F1702120043006800610069002000470069007281>
<GA:18310050314B000114F01722FB>
<GA:1831008069>
<GA:1831008069>
<GA:183131684B31020300F360FFF0520F010F01FFFFFFFF21300F130F03002030200104AD>
<GA:1831008069>
<GA:183131684B310203770F06030F170222006CFFFFFFFFFFFFFFFFFFFFFFFFFFFF38>
<GA:18310050314B000114F01800DA>
<GA:1831008069>
<GA:1831008069>
<GA:183131684B310203770F06030F18020200300036002E0020005200200026002027>
<GA:1831008069>
<GA:183131684B310203770F06030F18021200420020004C006F007600650020005336>
<GA:18310050314B000114F01822FC>
<GA:1831008069>
<GA:1831008069>
<GA:183131684B310203770F06030F180222006F006E0067FFFFFFFFFFFFFFFFFFFF15>
<GA:1831008069>
<GA:183131684B31020300F360FFF0530F010F01FFFFFFFF21300F130F03002030200104AE>
<GA:1831008069>
<GA:183131684B31020300F360FFF0540F010F01FFFFFFFF21300F130F03002030200104AF>
<GA:1831008069>
<GA:183131780D3103024B000009>
<GA:1831008069>
<GA:183131684B31020300F360FFF0550F010F01FFFFFFFF21300F130F03002030200104B0>
<GA:1831008069>
<GA:183131684B31020300F360FFF0560F010F01FFFFFFFF21300F130F03002030200104B1>
<GA:1831008069>
<GA:183131684B31020300F360FFF0570F010F01FFFFFFFF21300F130F03002030200104B2>
<GA:1831008069>
<GA:183131684B31020300F360FFF0580F010F01FFFFFFFF21300F130F03002030200104B3>
<GA:1831008069>
<GA:183131684B31020300F360FFF0590F010F01FFFFFFFF21300F130F03002030200104B4>
<GA:1831008069>
<GA:183131780D3103024B000009>
<GA:1831008069>
<GA:183131684B31020300F360FFF1000F010F01FFFFFFFF21300F130F030020302001045C>
<GA:183100600D0100014015200000D6>
<GA:1831008069>
<GA:183131684B31020300F360FFF1010F010F01FFFFFFFF21300F130F030020302001045D>
<GA:183131590D3102012101BE>
<GA:183131807C>
<GA:18310050314B000117F005C9>
<GA:1831008069>
<GA:1831008069>
<GA:183131684B3102030B0F05020F010F120F030058>
<GA:18310050314B000119F0050000CD>
<GA:1831008069>
<GA:1831008069>
<GA:183131684B3102030D0F050F0100000F060FFF0FFF0FFF0FFF0FFF0FFF0FFF00A9>
<GA:18310050314B000113F00600C7>
<GA:1831008069>
<GA:1831008069>
<GA:1831008069>
<GA:183131684B310203760F060302010046006F006C006400650072003100324F>
<GA:183131684B310203760F060302110031FFFFFFFFFFFFFFFFFFFFFFFFFFFFC3>
<GA:18310050314B000114F01200D4>
<GA:1831008069>
<GA:1831008069>
<GA:183131684B31020300F360FFF1020F010F01FFFFFFFF21300F130F030020302001045E>
<GA:1831008069>
<GA:183131684B310203770F05020F12020200300031002E00200043006800610069D7>
<GA:1831008069>
<GA:183131684B310203770F05020F120212006E007300200047006500740020004246>
<GA:18310050314B000114F01222F6>
<GA:1831008069>
<GA:183100600D0100014015200000D6>
<GA:1831008069>
<GA:183131684B310203770F05020F1202220072006F006B0065006EFFFFFFFFFFFFEC>
<GA:18310050314B000114F01300D5>
<GA:1831008069>
<GA:1831008069>
<GA:183131684B310203770F05020F13020200300032002E00200044006900720074F7>
<GA:1831008069>
<GA:183131684B310203770F05020F13021200790020005300650063007200650074C3>
<GA:18310050314B000114F01322F7>
<GA:1831008069>
<GA:1831008069>
<GA:183131684B31020300F360FFF1030F010F01FFFFFFFF21300F130F030020302001045F>
<GA:1831008069>
<GA:183131684B310203770F05020F130222FFFFFFFFFFFFFFFFFFFFFFFFFFFFFFFFC4>
<GA:18310050314B000114F01400D6>
<GA:1831008069>
<GA:1831008069>
<GA:183131684B310203770F05020F14020300310032002E002000440072002E00206B>
<GA:1831008069>
<GA:183131684B310203770F05020F140213004600650065006C0067006F006F0064EB>
<GA:18310050314B000114F01423F9>
<GA:1831008069>
<GA:1831008069>
<GA:183131684B31020300F360FFF1040F010F01FFFFFFFF21300F130F0300203020010460>
<GA:1831008069>
<GA:183131684B310203770F05020F14022300200028004C006F00760065002000491D>
<GA:18310050314B000114F0143309>
<GA:1831008069>
<GA:1831008069>
<GA:183131684B310203770F05020F140233007300200041002000530065007200696D>
<GA:1831008069>
<GA:183131780D3103024B000009>
<GA:1831008069>
<GA:183131684B31020300F360FFF1050F010F01FFFFFFFF21300F130F0300203020010461>
<GA:183131590D3102012101BE>
<GA:183131807C>
<GA:18310050314B000117F001C5>
<GA:1831008069>
<GA:1831008069>
<GA:183131684B3102030B0F01010F000F010F030142>
<GA:18310050314B000119F0010000C9>
<GA:1831008069>
<GA:1831008069>
<GA:183131684B3102030D0F010F0300000F020F050F070FFF0FFF0FFF0FFF0FFF01B2>
<GA:18310050314B000113F00200C3>
<GA:1831008069>
<GA:1831008069>
<GA:1831008069>
<GA:183131684B310203760F020202010046006F006C0064006500720031003149>
<GA:183131684B310203760F02020211FFFFFFFFFFFFFFFFFFFFFFFFFFFFFFFF8B>
<GA:18310050314B000113F00500C6>
<GA:1831008069>
<GA:1831008069>
<GA:183131684B31020300F360FFF1060F010F01FFFFFFFF21300F130F0300203020010462>
<GA:1831008069>
<GA:1831008069>
<GA:183131684B310203760F050202010046006F006C006400650072003100324D>
<GA:183131684B310203760F05020211FFFFFFFFFFFFFFFFFFFFFFFFFFFFFFFF8E>
<GA:18310050314B000113F00700C8>
<GA:1831008069>
<GA:1831008069>
<GA:1831008069>
<GA:183131684B310203760F070202010046006F006C0064006500720031003350>
<GA:183131684B310203760F07020211FFFFFFFFFFFFFFFFFFFFFFFFFFFFFFFF90>
<GA:18310050314B000114F00100C3>
<GA:1831008069>
<GA:183131590D3102012101BE>
<GA:183131807C>
<GA:1831008069>
<GA:183131684B310203770F01010F01120300300031002E002000540068006500209E>
<GA:1831008069>
<GA:183131684B310203770F01010F0112130057006100790066006100720069006EFF>
<GA:18310050314B000117F000C4>
<GA:1831008069>
<GA:1831008069>
<GA:183131684B3102030B0F00000FFF0FFF0F00023B>
<GA:1831008069>
<GA:18310050314B000114F00123E6>
<GA:1831008069>
<GA:183131684B31020300F360FFF1070F010F01FFFFFFFF21300F130F0300203020010463>
<GA:1831008069>
<GA:183131684B310203770F01010F011223006700200053007400720061006E0067C4>
<GA:18310050314B000119F0000000C8>
<GA:1831008069>
<GA:1831008069>
<GA:183131684B3102030D0F000F0300000F010F080F090FFF0FFF0FFF0FFF0FFF02B6>
<GA:18310050314B000114F00133F6>
<GA:1831008069>
<GA:1831008069>
<GA:183131684B310203770F01010F011233006500720020002D00200053006800613E>
<GA:18310050314B000113F00100C2>
<GA:1831008069>
<GA:1831008069>
<GA:1831008069>
<GA:183131684B310203760F010112000046006F006C0064006500720031FFFF23>
<GA:183131684B310203760F01011210FFFFFFFFFFFFFFFFFFFFFFFFFFFFFFFF98>
<GA:18310050314B000113F00800C9>
<GA:1831008069>
<GA:1831008069>
<GA:183131684B31020300F360FFF1080F010F01FFFFFFFF21300F130F0300203020010464>
<GA:1831008069>
<GA:1831008069>
<GA:183131684B310203760F080102000046006F006C0064006500720032FFFF1B>
<GA:183131684B310203760F08010210FFFFFFFFFFFFFFFFFFFFFFFFFFFFFFFF8F>
<GA:18310050314B000113F00900CA>
<GA:1831008069>
<GA:1831008069>
<GA:183131684B310203760F090102000046006F006C0064006500720033FFFF1D>
<GA:1831008069>
<GA:183131684B310203760F09010210FFFFFFFFFFFFFFFFFFFFFFFFFFFFFFFF90>
<GA:1831008069>
<GA:183131684B31020300F360FFF1090F010F01FFFFFFFF21300F130F0300203020010465>
<GA:1831008069>
<GA:183131780D3103024B000009>
<GA:1831008069>
<GA:183131684B31020300F360FFF1100F010F01FFFFFFFF21300F130F030020302001046C>
<GA:1831008069>
<GA:183131684B31020300F360FFF1110F010F01FFFFFFFF21300F130F030020302001046D>
<GA:1831008069>
<GA:183131684B31020300F360FFF1120F010F01FFFFFFFF21300F130F030020302001046E>
<GA:183131590D3102012101BE>
<GA:1831008069>
<GA:183131807C>
<GA:183131684B31020300F360FFF1130F010F01FFFFFFFF21300F130F030020302001046F>
<GA:1831008069>
<GA:183131684B31020300F360FFF1140F010F01FFFFFFFF21300F130F0300203020010470>
<GA:183131590D3102012101BE>
<GA:1831008069>
<GA:183131807C>
<GA:183131684B31020300F360FFF1150F010F01FFFFFFFF21300F130F0300203020010471>
<GA:1831008069>
<GA:18310050314B000117F009CD>
<GA:1831008069>
<GA:183131780D3103024B000009>
<GA:1831008069>
<GA:183131684B3102030B0F09010F000F240F05006E>
<GA:18310050314B000117F000C4>
<GA:1831008069>
<GA:1831008069>
<GA:183131684B3102030B0F00000FFF0FFF0F00023B>
<GA:18310050314B000119F0000000C8>
<GA:1831008069>
<GA:1831008069>
<GA:183131684B3102030D0F000F0300000F010F080F090FFF0FFF0FFF0FFF0FFF02B6>
<GA:18310050314B000113F00100C2>
<GA:1831008069>
<GA:1831008069>
<GA:1831008069>
<GA:183131684B310203760F010112000046006F006C0064006500720031FFFF23>
<GA:183131684B310203760F01011210FFFFFFFFFFFFFFFFFFFFFFFFFFFFFFFF98>
<GA:18310050314B000113F00800C9>
<GA:1831008069>
<GA:1831008069>
<GA:1831008069>
<GA:183131684B310203760F080102000046006F006C0064006500720032FFFF1B>
<GA:183131684B310203760F08010210FFFFFFFFFFFFFFFFFFFFFFFFFFFFFFFF8F>
<GA:18310050314B000113F00900CA>
<GA:1831008069>
<GA:1831008069>
<GA:183131684B31020300F360FFF1160F010F01FFFFFFFF21300F130F0300203020010472>
<GA:1831008069>
<GA:1831008069>
<GA:183131684B310203760F090102000046006F006C0064006500720033FFFF1D>
<GA:183131684B310203760F09010210FFFFFFFFFFFFFFFFFFFFFFFFFFFFFFFF90>
<GA:1831008069>
<GA:183131684B31020300F360FFF1170F010F01FFFFFFFF21300F130F0300203020010473>
<GA:1831008069>
<GA:183131684B31020300F360FFF1180F010F01FFFFFFFF21300F130F0300203020010474>
<GA:1831008069>
<GA:183131684B31020300F360FFF1190F010F01FFFFFFFF21300F130F0300203020010475>
<GA:1831008069>
<GA:183131684B31020300F360FFF1200F010F01FFFFFFFF21300F130F030020302001047C>
<GA:1831008069>
<GA:183131780D3103024B000009>
<GA:1831008069>
<GA:183131684B31020300F360FFF1210F010F01FFFFFFFF21300F130F030020302001047D>
<GA:1831008069>
<GA:183131684B31020300F360FFF1220F010F01FFFFFFFF21300F130F030020302001047E>
<GA:1831008069>
<GA:183131684B31020300F360FFF1230F010F01FFFFFFFF21300F130F030020302001047F>
<GA:1831008069>
<GA:183131684B31020300F360FFF1240F010F01FFFFFFFF21300F130F0300203020010480>
<GA:1831008069>
<GA:183131684B31020300F360FFF1250F010F01FFFFFFFF21300F130F0300203020010481>
<GA:1831008069>
<GA:183131780D3103024B000009>
<GA:1831008069>
<GA:183131684B31020300F360FFF1260F010F01FFFFFFFF21300F130F0300203020010482>
<GA:1831008069>
<GA:183131684B31020300F360FFF1270F010F01FFFFFFFF21300F130F0300203020010483>
<GA:183131590D3102012101BE>
<GA:183131807C>
<GA:18310050314B000117F009CD>
<GA:1831008069>
<GA:1831008069>
<GA:183131684B3102030B0F09010F000F240F05006E>
<GA:18310050314B000119F0090000D1>
<GA:1831008069>
<GA:1831008069>
<GA:183131684B3102030D0F090F0100000F100FFF0FFF0FFF0FFF0FFF0FFF0FFF00B7>
<GA:18310050314B000113F01000D1>
<GA:1831008069>
<GA:1831008069>
<GA:1831008069>
<GA:183131684B310203760F100202010046006F006C0064006500720033003159>
<GA:183131684B310203760F10020211FFFFFFFFFFFFFFFFFFFFFFFFFFFFFFFF99>
<GA:18310050314B000114F02400E6>
<GA:1831008069>
<GA:1831008069>
<GA:183131684B310203770F09010F240202003000310020002D0020005400680065B7>
<GA:1831008069>
<GA:183131684B310203770F09010F2402120020004200610064006C0061006E00649E>
<GA:18310050314B000114F0242208>
<GA:1831008069>
<GA:1831008069>
<GA:183131684B31020300F360FFF1280F010F01FFFFFFFF21300F130F0300203020010484>
<GA:1831008069>
<GA:183131684B310203770F09010F2402220073FFFFFFFFFFFFFFFFFFFFFFFFFFFF4D>
<GA:18310050314B000114F02500E7>
<GA:1831008069>
<GA:1831008069>
<GA:183131684B310203770F09010F250203003000320020002D0020005400680065BA>
<GA:1831008069>
<GA:183131684B310203770F09010F250213002000430061006300740075007300207D>
<GA:18310050314B000114F025230A>
<GA:1831008069>
<GA:1831008069>
<GA:183131684B310203770F09010F2502230043006500720065006D006F006E00792C>
<GA:18310050314B000114F025331A>
<GA:1831008069>
<GA:1831008069>
<GA:183131684B31020300F360FFF1290F010F01FFFFFFFF21300F130F0300203020010485>
<GA:1831008069>
<GA:183131684B310203770F09010F250233FFFFFFFFFFFFFFFFFFFFFFFFFFFFFFFFEA>
<GA:18310050314B000114F02600E8>
<GA:1831008069>
<GA:1831008069>
<GA:183131684B310203770F09010F260203003000330020002D0020004700650074BB>
<GA:1831008069>
<GA:183131684B310203770F09010F2602130020004200610063006B00200049006E43>
<GA:18310050314B000114F026230B>
<GA:1831008069>
<GA:1831008069>
<GA:183131684B31020300F360FFF1300F010F01FFFFFFFF21300F130F030020302001048C>
<GA:1831008069>
<GA:183131684B310203770F09010F26022300200054006800650020004C0069006E6F>
<GA:18310050314B000114F026331B>
<GA:1831008069>
<GA:1831008069>
<GA:183131780D3103024B000009>
<GA:1831008069>
<GA:183131684B310203770F09010F2602330065002000440061006E00630065FFFF59>
<GA:18310050314B000114F02700E9>
<GA:1831008069>
<GA:1831008069>
<GA:183131684B31020300F360FFF1310F010F01FFFFFFFF21300F130F030020302001048D>
<GA:1831008069>
<GA:183131684B310203770F09010F270202003000340020002D00200042006C006FB9>
<GA:1831008069>
<GA:183131684B310203770F09010F270212006F00640020004D006F006F006E002087>
<GA:18310050314B000114F027220B>
<GA:1831008069>
<GA:1831008069>
<GA:183131684B310203770F09010F2702220052006900730069006E0067FFFFFFFF53>
<GA:18310050314B000114F02800EA>
<GA:1831008069>
<GA:1831008069>
<GA:183131684B310203770F09010F280202003000350020002D0020004F006E0065C0>
<GA:1831008069>
<GA:183131684B310203770F09010F28021200200048006F0072007300650020005471>
<GA:18310050314B000114F028220C>
<GA:1831008069>
<GA:1831008069>
<GA:183131684B31020300F360FFF1320F010F01FFFFFFFF21300F130F030020302001048E>
<GA:1831008069>
<GA:183131684B310203770F09010F280222006F0077006EFFFFFFFFFFFFFFFFFFFF36>
<GA:1831008069>
<GA:183131684B31020300F360FFF1330F010F01FFFFFFFF21300F130F030020302001048F>
<GA:1831008069>
<GA:183131684B31020300F360FFF1340F010F01FFFFFFFF21300F130F0300203020010490>
<GA:1831008069>
<GA:183131684B31020300F360FFF1350F010F01FFFFFFFF21300F130F0300203020010491>
<GA:183131590D3102012101BE>
<GA:1831008069>
<GA:183131807C>
<GA:183131780D3103024B000009>
<GA:18310020310000013124F027AF>
<GA:1831008069>
<GA:1831008069>
<GA:183131684B31020200F360FFFFFF0F090F27FFFFFFFF21300F130F0500203020010498>
<GA:1831008069>
<GA:183131684B310202080F09010F000F240F0569>
<GA:1831008069>
<GA:1831008069>
<GA:183131684B310202090F0901000F000F090FFF0FFF0FFF0FFF0FFF0FFF9A>
<GA:183131684B3102020A0F090F0100000F100FFF0FFF0FFF0FFF0FFF0FFF0FFFB2>
<GA:1831008069>
<GA:183131684B31020300F360FFF0000F090F27FFFFFFFF21300F130F050020302001048B>
<GA:1831008069>
<GA:1831008069>
<GA:183131684B3102037002000046006F006C0064006500720033FFFFFB>
<GA:183131684B310203700210FFFFFFFFFFFFFFFFFFFFFFFFFFFFFFFF6E>
<GA:1831008069>
<GA:1831008069>
<GA:183131684B310203710202003000340020002D00200042006C006F5F>
<GA:183131684B310203710212006F00640020004D006F006F006E00202D>
<GA:18310050314B000114F027220B>
<GA:1831008069>
<GA:1831008069>
<GA:183131684B310203770F09010F2712220052006900730069006E0067FFFFFFFF63>
<GA:1831008069>
<GA:1831008069>
<GA:183131684B310203720401426C6F6F64204D6F6F6E20526973696E41>
<GA:183131684B31020372041167FFFFFFFFFFFFFFFFFFFFFFFFFFFFFFDB>
<GA:1831008069>
<GA:1831008069>
<GA:183131684B310203740300FFFFFFFFFFFFFFFFFFFFFFFFFFFFFFFF63>
<GA:1831008069>
<GA:183131684B310203740310FFFFFFFFFFFFFFFFFFFFFFFFFFFFFFFF73>
<GA:183131780D3103024B000009>
<GA:1831008069>
<GA:183131684B31020300F360FFF0010F090F27FFFFFFFF21300F130F050020302001048C>
<GA:18310050314B000117F000C4>
<GA:1831008069>
<GA:1831008069>
<GA:183131684B3102030B0F00000FFF0FFF0F00023B>
<GA:1831008069>
<GA:1831008069>
<GA:183131684B310203730401426C6F6F64204D6F6F6E20526973696E42>
<GA:183131684B31020373041167FFFFFFFFFFFFFFFFFFFFFFFFFFFFFFDC>
<GA:18310050314B000119F0000000C8>
<GA:1831008069>
<GA:1831008069>
<GA:183131684B3102030D0F000F0300000F010F080F090FFF0FFF0FFF0FFF0FFF02B6>
<GA:18310050314B000113F00100C2>
<GA:1831008069>
<GA:1831008069>
<GA:1831008069>
<GA:183131684B310203750400FFFFFFFFFFFFFFFFFFFFFFFFFFFFFFFF65>
<GA:183131684B310203750410FFFFFFFFFFFFFFFFFFFFFFFFFFFFFFFF75>
<GA:1831008069>
<GA:1831008069>
<GA:183131684B310203760F010102000046006F006C0064006500720031FFFF13>
<GA:183131684B310203760F01010210FFFFFFFFFFFFFFFFFFFFFFFFFFFFFFFF88>
<GA:18310050314B000113F00800C9>
<GA:1831008069>
<GA:1831008069>
<GA:183131684B310203760F080102000046006F006C0064006500720032FFFF1B>
<GA:1831008069>
<GA:183131684B310203760F08010210FFFFFFFFFFFFFFFFFFFFFFFFFFFFFFFF8F>
<GA:18310050314B000113F00900CA>
<GA:1831008069>
<GA:1831008069>
<GA:183131684B31020300F360FFF0020F090F27FFFFFFFF21300F130F050020302001048D>
<GA:1831008069>
<GA:1831008069>
<GA:183131684B310203760F090112000046006F006C0064006500720033FFFF2D>
<GA:183131684B310203760F09011210FFFFFFFFFFFFFFFFFFFFFFFFFFFFFFFFA0>
<GA:1831008069>
<GA:183131684B31020300F360FFF0030F090F27FFFFFFFF21300F130F050020302001048E>
<GA:1831008069>
<GA:183131684B31020300F360FFF0040F090F27FFFFFFFF21300F130F050020302001048F>
<GA:1831008069>
<GA:1831316802310202000615000000000D0000D1>
<GA:1831008069>
<GA:183131684B31020300F360FFF0050F090F27FFFFFFFF21300F130F0500203020010490>
<GA:1831008069>
<GA:1831316802310202000715000000000D0000D2>
<GA:1831008069>
<GA:183131684B31020300F360FFF0060F090F27FFFFFFFF21300F130F0500203020010491>
<GA:1831008069>
<GA:183131780D3103024B000009>
<GA:1831008069>
<GA:1831316802310202000615000000000D0000D1>
<GA:1831008069>
<GA:183131684B31020300F360FFF0070F090F27FFFFFFFF21300F130F0500203020010492>
<GA:1831008069>
<GA:1831316802310202000515000000000D0000D0>
<GA:1831008069>
<GA:1831316802310202000615000000000D0000D1>
<GA:1831008069>
<GA:183131684B31020300F360FFF0080F090F27FFFFFFFF21300F130F0500203020010493>
<GA:1831008069>
<GA:1831316802310202000515000000000D0000D0>
<GA:1831008069>
<GA:183131684B31020300F360FFF0090F090F27FFFFFFFF21300F130F0500203020010494>
<GA:1831008069>
<GA:1831316802310202000415000000000D0000CF>
<GA:1831008069>
<GA:183131684B31020300F360FFF0100F090F27FFFFFFFF21300F130F050020302001049B>
<GA:1831008069>
<GA:1831316802310202000515000000000D0000D0>
<GA:1831008069>
<GA:1831316802310202000615000000000D0000D1>
<GA:1831008069>
<GA:183131684B31020300F360FFF0110F090F27FFFFFFFF21300F130F050020302001049C>
<GA:1831008069>
<GA:183131780D3103024B000009>
<GA:1831008069>
<GA:1831008069>
<GA:183131684B31020300F360FFF0120F090F27FFFFFFFF21300F130F050020302001049D>
<GA:1831316802310202000515000000000D0000D0>
<GA:1831008069>
<GA:1831316802310202000615000000000D0000D1>
<GA:1831008069>
<GA:183131684B31020300F360FFF0130F090F27FFFFFFFF21300F130F050020302001049E>
<GA:1831008069>
<GA:183131684B31020300F360FFF0140F090F27FFFFFFFF21300F130F050020302001049F>
<GA:1831008069>
<GA:18313118023102014E>
<GA:1831008069>
<GA:183131684B31020300F360FFF0150F090F27FFFFFFFF21300F130F05002030200104A0>
<GA:1831008069>
<GA:183131684B31020300F360FFF0160F090F27FFFFFFFF21300F130F05002030200104A1>
<GA:1831008069>
<GA:183131780D3103024B000009>
<GA:1831008069>
<GA:183131684B31020300F360FFF0170F090F27FFFFFFFF21300F130F05002030200104A2>
<GA:183131590D3102012101BE>
<GA:183131807C>
<GA:1831008069>
<GA:183131684B31020300F360FFF0180F090F27FFFFFFFF21300F130F05002030200104A3>
<GA:1831008069>
<GA:183131684B31020300F360FFF0190F090F27FFFFFFFF21300F130F05002030200104A4>
<GA:183131590D3102012101BE>
<GA:183131807C>
<GA:18310050314B000117F001C5>
<GA:1831008069>
<GA:1831008069>
<GA:183131684B3102030B0F01010F000F010F030041>
<GA:18310050314B000119F0010000C9>
<GA:1831008069>
<GA:1831008069>
<GA:183131684B3102030D0F010F0300000F020F050F070FFF0FFF0FFF0FFF0FFF00B1>
<GA:18310050314B000113F00200C3>
<GA:1831008069>
<GA:1831008069>
<GA:1831008069>
<GA:183131684B310203760F020202010046006F006C0064006500720031003149>
<GA:183131684B310203760F02020211FFFFFFFFFFFFFFFFFFFFFFFFFFFFFFFF8B>
<GA:18310050314B000113F00500C6>
<GA:1831008069>
<GA:1831008069>
<GA:1831008069>
<GA:183131684B310203760F050202010046006F006C006400650072003100324D>
<GA:183131684B310203760F05020211FFFFFFFFFFFFFFFFFFFFFFFFFFFFFFFF8E>
<GA:18310050314B000113F00700C8>
<GA:1831008069>
<GA:1831008069>
<GA:183131684B31020300F360FFF0200F090F27FFFFFFFF21300F130F05002030200104AB>
<GA:183100600D0100014015210000D7>
<GA:1831008069>
<GA:183131684B310203760F070202010046006F006C0064006500720031003350>
<GA:1831008069>
<GA:183131684B310203760F07020211FFFFFFFFFFFFFFFFFFFFFFFFFFFFFFFF90>
<GA:18310050314B000114F00100C3>
<GA:1831008069>
<GA:1831008069>
<GA:183131684B310203770F01010F01020300300031002E002000540068006500208E>
<GA:1831008069>
<GA:183131684B310203770F01010F0102130057006100790066006100720069006EEF>
<GA:18310050314B000114F00123E6>
<GA:1831008069>
<GA:1831008069>
<GA:183131684B31020300F360FFF0210F090F27FFFFFFFF21300F130F05002030200104AC>
<GA:1831008069>
<GA:183131684B310203770F01010F010223006700200053007400720061006E0067B4>
<GA:18310050314B000114F00133F6>
<GA:1831008069>
<GA:1831008069>
<GA:183131780D3103024B000009>
<GA:1831008069>
<GA:183131684B310203770F01010F010233006500720020002D00200053006800612E>
<GA:18310050314B000114F00200C4>
<GA:1831008069>
<GA:1831008069>
<GA:183131684B310203770F01010F02020100300032002E002000540068006500208E>
<GA:1831008069>
<GA:183131684B310203770F01010F020211005700650069006700680074FFFFFFFF11>
<GA:183131590D3102012101BE>
<GA:183131807C>
<GA:18310020310000013124F0038B>
<GA:1831008069>
<GA:1831008069>
<GA:183131684B31020200F360FFFFFF0F010F03FFFFFFFF21300F130F030020302001046A>
<GA:1831008069>
<GA:183131684B310202080F01010F000F010F033C>
<GA:1831008069>
<GA:1831008069>
<GA:183131684B310202090F0101000F000F010FFF0FFF0FFF0FFF0FFF0FFF8A>
<GA:183131684B3102020A0F010F0300000F020F050F070FFF0FFF0FFF0FFF0FFFAC>
<GA:18310050314B000114F00300C5>
<GA:1831008069>
<GA:1831008069>
<GA:183131684B31020300F360FFF0000F010F03FFFFFFFF21300F130F030020302001045D>
<GA:1831008069>
<GA:183131684B310203770F01010F03120100300033002E0020004D0069006E0065E8>
<GA:1831008069>
<GA:183131684B310203770F01010F03121100200041006C006F006E0065FFFFFFFFC9>
<GA:1831008069>
<GA:1831008069>
<GA:183131684B3102037002000046006F006C0064006500720031FFFFF9>
<GA:183131684B310203700210FFFFFFFFFFFFFFFFFFFFFFFFFFFFFFFF6E>
<GA:1831008069>
<GA:1831008069>
<GA:183131684B31020371020100300033002E0020004D0069006E0065AA>
<GA:183131684B31020371021100200041006C006F006E0065FFFFFFFF8B>
<GA:1831008069>
<GA:1831008069>
<GA:183131780D3103024B000009>
<GA:1831008069>
<GA:183131684B3102037203014D0069006E006500200041006C006F0037>
<GA:183131684B3102037203116E006500FFFFFFFFFFFFFFFFFFFFFFFF49>
<GA:1831008069>
<GA:1831008069>
<GA:183131684B3102037403014E0069006E00610020004D007900610041>
<GA:183131684B310203740311FFFFFFFFFFFFFFFFFFFFFFFFFFFFFFFF74>
<GA:1831008069>
<GA:1831008069>
<GA:183131684B31020373030043006C006F007300750072006500FFFF4D>
<GA:183131684B310203730310FFFFFFFFFFFFFFFFFFFFFFFFFFFFFFFF72>
<GA:1831008069>
<GA:183131684B31020300F360FFF0010F010F03FFFFFFFF21300F130F030020302001045E>
<GA:1831008069>
<GA:1831008069>
<GA:183131684B310203750400FFFFFFFFFFFFFFFFFFFFFFFFFFFFFFFF65>
<GA:183131684B310203750410FFFFFFFFFFFFFFFFFFFFFFFFFFFFFFFF75>
<GA:1831008069>
<GA:183131684B31020300F360FFF0020F010F03FFFFFFFF21300F130F030020302001045F>
<GA:1831008069>
<GA:183131684B31020300F360FFF0030F010F03FFFFFFFF21300F130F0300203020010460>
<GA:1831008069>
<GA:183131684B31020300F360FFF0040F010F03FFFFFFFF21300F130F0300203020010461>
<GA:18310050314B000117F000C4>
<GA:1831008069>
<GA:1831008069>
<GA:183131684B3102030B0F00000FFF0FFF0F00023B>
<GA:18310050314B000119F0000000C8>
<GA:1831008069>
<GA:1831008069>
<GA:183131684B3102030D0F000F0300000F010F080F090FFF0FFF0FFF0FFF0FFF02B6>
<GA:18310050314B000113F00100C2>
<GA:1831008069>
<GA:1831008069>
<GA:1831008069>
<GA:183131684B310203760F010112000046006F006C0064006500720031FFFF23>
<GA:183131684B310203760F01011210FFFFFFFFFFFFFFFFFFFFFFFFFFFFFFFF98>
<GA:18310050314B000113F00800C9>
<GA:1831008069>
<GA:1831008069>
<GA:1831008069>
<GA:183131684B310203760F080102000046006F006C0064006500720032FFFF1B>
<GA:183131684B310203760F08010210FFFFFFFFFFFFFFFFFFFFFFFFFFFFFFFF8F>
<GA:18310050314B000113F00900CA>
<GA:1831008069>
<GA:1831008069>
<GA:183131684B31020300F360FFF0050F010F03FFFFFFFF21300F130F0300203020010462>
<GA:1831008069>
<GA:1831008069>
<GA:183131684B310203760F090102000046006F006C0064006500720033FFFF1D>
<GA:183131684B310203760F09010210FFFFFFFFFFFFFFFFFFFFFFFFFFFFFFFF90>
<GA:1831008069>
<GA:183131780D3103024B000009>
<GA:1831008069>
<GA:183131684B31020300F360FFF0060F010F03FFFFFFFF21300F130F0300203020010463>
<GA:1831008069>
<GA:183131684B31020300F360FFF0070F010F03FFFFFFFF21300F130F0300203020010464>
<GA:1831008069>
<GA:183131684B31020300F360FFF0080F010F03FFFFFFFF21300F130F0300203020010465>
<GA:1831008069>
<GA:183131684B31020300F360FFF0090F010F03FFFFFFFF21300F130F0300203020010466>
<GA:1831008069>
<GA:183131684B31020300F360FFF0100F010F03FFFFFFFF21300F130F030020302001046D>
<GA:1831008069>
<GA:183131780D3103024B000009>
<GA:1831008069>
<GA:183131684B31020300F360FFF0110F010F03FFFFFFFF21300F130F030020302001046E>
<GA:1831008069>
<GA:183131684B31020300F360FFF0120F010F03FFFFFFFF21300F130F030020302001046F>
<GA:1831008069>
<GA:183131684B31020300F360FFF0130F010F03FFFFFFFF21300F130F0300203020010470>
<GA:1831008069>
<GA:183131684B31020300F360FFF0140F010F03FFFFFFFF21300F130F0300203020010471>
<GA:1831008069>
<GA:183131684B31020300F360FFF0150F010F03FFFFFFFF21300F130F0300203020010472>
<GA:1831008069>
<GA:183131780D3103024B000009>
<GA:1831008069>
<GA:183131684B31020300F360FFF0160F010F03FFFFFFFF21300F130F0300203020010473>
<GA:1831008069>
<GA:183131684B31020300F360FFF0170F010F03FFFFFFFF21300F130F0300203020010474>
<GA:1831008069>
<GA:183131684B31020300F360FFF0180F010F03FFFFFFFF21300F130F0300203020010475>
<GA:1831008069>
<GA:183131684B31020300F360FFF0190F010F03FFFFFFFF21300F130F0300203020010476>
end1
